<?xml version="1.0" encoding="UTF-8"?>
<testsuite xmlns:xsi="http://www.w3.org/2001/XMLSchema-instance" xsi:noNamespaceSchemaLocation="https://maven.apache.org/surefire/maven-surefire-plugin/xsd/surefire-test-report-3.0.xsd" version="3.0" name="com.mercadolibre.socialmeli.controller.UserControllerTest" time="0.155" tests="16" errors="0" skipped="0" failures="0">
  <properties>
[...]
</properties>
  <testcase name="getFollowed_withOrderAsc_shouldExists" classname="com.mercadolibre.socialmeli.controller.UserControllerTest" time="0.018">
    <system-out><![CDATA[2025-05-06T12:05:41.313-03:00  INFO 479 --- [           main] t.c.s.AnnotationConfigContextLoaderUtils : Could not detect default configuration classes for test class [com.mercadolibre.socialmeli.controller.UserControllerTest]: UserControllerTest does not declare any static, non-private, non-final, nested classes annotated with @Configuration.
2025-05-06T12:05:41.320-03:00  INFO 479 --- [           main] .b.t.c.SpringBootTestContextBootstrapper : Found @SpringBootConfiguration com.mercadolibre.socialmeli.SocialmeliApplication for test class com.mercadolibre.socialmeli.controller.UserControllerTest
]]></system-out>
  </testcase>
  <testcase name="getFollowersCountByUserId_shouldReturnErrorNotFound" classname="com.mercadolibre.socialmeli.controller.UserControllerTest" time="0.004"/>
  <testcase name="getFollowed_withOrderDesc_shouldExists" classname="com.mercadolibre.socialmeli.controller.UserControllerTest" time="0.003"/>
  <testcase name="unfollowUser_shouldThrowBadRequest" classname="com.mercadolibre.socialmeli.controller.UserControllerTest" time="0.006"/>
  <testcase name="getFollowersCountByUserId_shouldReturnOk" classname="com.mercadolibre.socialmeli.controller.UserControllerTest" time="0.002"/>
  <testcase name="getFollowed_withOrderDesc_shouldHaveOrderDesc" classname="com.mercadolibre.socialmeli.controller.UserControllerTest" time="0.003"/>
  <testcase name="followUser_shouldReturnOkWhenFollowSuccess" classname="com.mercadolibre.socialmeli.controller.UserControllerTest" time="0.002"/>
  <testcase name="unfollowUser_shouldReturnOkWhenUnfollowSuccess" classname="com.mercadolibre.socialmeli.controller.UserControllerTest" time="0.002"/>
  <testcase name="getFollowers_withOrderDesc_shouldHaveOrderDesc" classname="com.mercadolibre.socialmeli.controller.UserControllerTest" time="0.002"/>
  <testcase name="getFollowers_withOrderAsc_shouldExists" classname="com.mercadolibre.socialmeli.controller.UserControllerTest" time="0.001"/>
  <testcase name="getFollowers_withInexistentId_shouldReturnException" classname="com.mercadolibre.socialmeli.controller.UserControllerTest" time="0.003"/>
  <testcase name="getFollowers_withOrderDesc_shouldExists" classname="com.mercadolibre.socialmeli.controller.UserControllerTest" time="0.002"/>
  <testcase name="getFollowed_withOrderAsc_shouldHaveOrderAsc" classname="com.mercadolibre.socialmeli.controller.UserControllerTest" time="0.001"/>
  <testcase name="getFollowed_withInexistentId_shouldReturnException" classname="com.mercadolibre.socialmeli.controller.UserControllerTest" time="0.002"/>
  <testcase name="getFollowers_withOrderAsc_shouldHaveOderderAsc" classname="com.mercadolibre.socialmeli.controller.UserControllerTest" time="0.001"/>
  <testcase name="followUser_shouldReturnBadRequestWhenUserToFollowDoesNotExist" classname="com.mercadolibre.socialmeli.controller.UserControllerTest" time="0.002"/>
</testsuite>