<?xml version="1.0" encoding="UTF-8"?>
<testsuite xmlns:xsi="http://www.w3.org/2001/XMLSchema-instance" xsi:noNamespaceSchemaLocation="https://maven.apache.org/surefire/maven-surefire-plugin/xsd/surefire-test-report.xsd" version="3.0.2" name="com.mercadolibre.be_java_hisp_w31_g3.integration.ProductControllerTest" time="0.121" tests="21" errors="0" skipped="0" failures="0">
  <properties>
[...]
</properties>
  <testcase name="createPost_InvalidNegativeUserId_ReturnBadRequest" classname="com.mercadolibre.be_java_hisp_w31_g3.integration.ProductControllerTest" time="0.043">
    <system-out><![CDATA[2025-05-06T08:13:37.495-05:00  INFO 27859 --- [be_java_hisp_w31_g3] [           main] t.c.s.AnnotationConfigContextLoaderUtils : Could not detect default configuration classes for test class [com.mercadolibre.be_java_hisp_w31_g3.integration.ProductControllerTest]: ProductControllerTest does not declare any static, non-private, non-final, nested classes annotated with @Configuration.
2025-05-06T08:13:37.497-05:00  INFO 27859 --- [be_java_hisp_w31_g3] [           main] .b.t.c.SpringBootTestContextBootstrapper : Found @SpringBootConfiguration com.mercadolibre.be_java_hisp_w31_g3.BeJavaHispW31G3Application for test class com.mercadolibre.be_java_hisp_w31_g3.integration.ProductControllerTest
]]></system-out>
  </testcase>
  <testcase name="createPost_ValidPost_ReturnTrue" classname="com.mercadolibre.be_java_hisp_w31_g3.integration.ProductControllerTest" time="0.003"/>
  <testcase name="addPost_ValidInput_CreatesPost" classname="com.mercadolibre.be_java_hisp_w31_g3.integration.ProductControllerTest" time="0.006">
    <system-out><![CDATA[
MockHttpServletRequest:
      HTTP Method = POST
      Request URI = /products/post
       Parameters = {}
          Headers = [Content-Type:"application/json;charset=UTF-8", Content-Length:"187"]
             Body = {"postId":2,"date":"06-05-2025","product":{"type":"type1","brand":"brand1","color":"red","notes":"notes","product_id":1,"product_name":"product1"},"price":200.0,"user_id":47,"category":1}
    Session Attrs = {}

Handler:
             Type = com.mercadolibre.be_java_hisp_w31_g3.controller.ProductController
           Method = com.mercadolibre.be_java_hisp_w31_g3.controller.ProductController#addPost(PostDto)

Async:
    Async started = false
     Async result = null

Resolved Exception:
             Type = null

ModelAndView:
        View name = null
             View = null
            Model = null

FlashMap:
       Attributes = null

MockHttpServletResponse:
           Status = 201
    Error message = null
          Headers = []
     Content type = null
             Body = 
    Forwarded URL = null
   Redirected URL = null
          Cookies = []
]]></system-out>
  </testcase>
  <testcase name="getPostListTest_discountInvalid_returnBadRequestException" classname="com.mercadolibre.be_java_hisp_w31_g3.integration.ProductControllerTest" time="0.003">
    <system-out><![CDATA[
MockHttpServletRequest:
      HTTP Method = GET
      Request URI = /products/post/list
       Parameters = {discount=[-3]}
          Headers = []
             Body = null
    Session Attrs = {}

Handler:
             Type = com.mercadolibre.be_java_hisp_w31_g3.controller.ProductController
           Method = com.mercadolibre.be_java_hisp_w31_g3.controller.ProductController#getPromoPostsByFilter(Double, Long, String, Boolean)

Async:
    Async started = false
     Async result = null

Resolved Exception:
             Type = com.mercadolibre.be_java_hisp_w31_g3.exception.BadRequestException

ModelAndView:
        View name = null
             View = null
            Model = null

FlashMap:
       Attributes = null

MockHttpServletResponse:
           Status = 400
    Error message = null
          Headers = [Content-Type:"application/json"]
     Content type = application/json
             Body = {"message":"El valor del descuento no es válido"}
    Forwarded URL = null
   Redirected URL = null
          Cookies = []
]]></system-out>
  </testcase>
  <testcase name="addPost_ExistingProductWithDifferentCharacteristics_ThrowsConflictException" classname="com.mercadolibre.be_java_hisp_w31_g3.integration.ProductControllerTest" time="0.004">
    <system-out><![CDATA[
MockHttpServletRequest:
      HTTP Method = POST
      Request URI = /products/post
       Parameters = {}
          Headers = [Content-Type:"application/json;charset=UTF-8", Content-Length:"187"]
             Body = {"postId":4,"date":"06-05-2025","product":{"type":"type1","brand":"brand1","color":"red","notes":"notes","product_id":1,"product_name":"product1"},"price":200.0,"user_id":49,"category":1}
    Session Attrs = {}

Handler:
             Type = com.mercadolibre.be_java_hisp_w31_g3.controller.ProductController
           Method = com.mercadolibre.be_java_hisp_w31_g3.controller.ProductController#addPost(PostDto)

Async:
    Async started = false
     Async result = null

Resolved Exception:
             Type = null

ModelAndView:
        View name = null
             View = null
            Model = null

FlashMap:
       Attributes = null

MockHttpServletResponse:
           Status = 201
    Error message = null
          Headers = []
     Content type = null
             Body = 
    Forwarded URL = null
   Redirected URL = null
          Cookies = []

MockHttpServletRequest:
      HTTP Method = POST
      Request URI = /products/post
       Parameters = {}
          Headers = [Content-Type:"application/json;charset=UTF-8", Content-Length:"190"]
             Body = {"postId":6,"date":"06-05-2025","product":{"type":"type2","brand":"brand2","color":"black","notes":"notes2","product_id":1,"product_name":"product2"},"price":200.0,"user_id":49,"category":1}
    Session Attrs = {}

Handler:
             Type = com.mercadolibre.be_java_hisp_w31_g3.controller.ProductController
           Method = com.mercadolibre.be_java_hisp_w31_g3.controller.ProductController#addPost(PostDto)

Async:
    Async started = false
     Async result = null

Resolved Exception:
             Type = com.mercadolibre.be_java_hisp_w31_g3.exception.ConflictException

ModelAndView:
        View name = null
             View = null
            Model = null

FlashMap:
       Attributes = null

MockHttpServletResponse:
           Status = 409
    Error message = null
          Headers = [Content-Type:"application/json"]
     Content type = application/json
             Body = {"message":"Un producto con el id ingresado con diferentes características ya existe. Ingrese un id diferente."}
    Forwarded URL = null
   Redirected URL = null
          Cookies = []
]]></system-out>
  </testcase>
  <testcase name="addPost_ExistingProductWithDifferentId_ThrowsConflictException" classname="com.mercadolibre.be_java_hisp_w31_g3.integration.ProductControllerTest" time="0.004">
    <system-out><![CDATA[
MockHttpServletRequest:
      HTTP Method = POST
      Request URI = /products/post
       Parameters = {}
          Headers = [Content-Type:"application/json;charset=UTF-8", Content-Length:"187"]
             Body = {"postId":7,"date":"06-05-2025","product":{"type":"type1","brand":"brand1","color":"red","notes":"notes","product_id":1,"product_name":"product1"},"price":200.0,"user_id":50,"category":1}
    Session Attrs = {}

Handler:
             Type = com.mercadolibre.be_java_hisp_w31_g3.controller.ProductController
           Method = com.mercadolibre.be_java_hisp_w31_g3.controller.ProductController#addPost(PostDto)

Async:
    Async started = false
     Async result = null

Resolved Exception:
             Type = null

ModelAndView:
        View name = null
             View = null
            Model = null

FlashMap:
       Attributes = null

MockHttpServletResponse:
           Status = 201
    Error message = null
          Headers = []
     Content type = null
             Body = 
    Forwarded URL = null
   Redirected URL = null
          Cookies = []

MockHttpServletRequest:
      HTTP Method = POST
      Request URI = /products/post
       Parameters = {}
          Headers = [Content-Type:"application/json;charset=UTF-8", Content-Length:"190"]
             Body = {"postId":7,"date":"06-05-2025","product":{"type":"type1","brand":"brand1","color":"red","notes":"notes","product_id":1000,"product_name":"product1"},"price":200.0,"user_id":50,"category":1}
    Session Attrs = {}

Handler:
             Type = com.mercadolibre.be_java_hisp_w31_g3.controller.ProductController
           Method = com.mercadolibre.be_java_hisp_w31_g3.controller.ProductController#addPost(PostDto)

Async:
    Async started = false
     Async result = null

Resolved Exception:
             Type = com.mercadolibre.be_java_hisp_w31_g3.exception.ConflictException

ModelAndView:
        View name = null
             View = null
            Model = null

FlashMap:
       Attributes = null

MockHttpServletResponse:
           Status = 409
    Error message = null
          Headers = [Content-Type:"application/json"]
     Content type = application/json
             Body = {"message":"Un producto con las mismas características ya existe, id: 1"}
    Forwarded URL = null
   Redirected URL = null
          Cookies = []
]]></system-out>
  </testcase>
  <testcase name="addPost_WrongFormatInDate_ThrowsBadRequestException" classname="com.mercadolibre.be_java_hisp_w31_g3.integration.ProductControllerTest" time="0.003">
    <system-out><![CDATA[
MockHttpServletRequest:
      HTTP Method = POST
      Request URI = /products/post
       Parameters = {}
          Headers = [Content-Type:"application/json;charset=UTF-8", Content-Length:"187"]
             Body = {"postId":9,"date":"2025-05-05","product":{"type":"type1","brand":"brand1","color":"red","notes":"notes","product_id":1,"product_name":"product1"},"price":200.0,"user_id":51,"category":1}
    Session Attrs = {}

Handler:
             Type = com.mercadolibre.be_java_hisp_w31_g3.controller.ProductController
           Method = com.mercadolibre.be_java_hisp_w31_g3.controller.ProductController#addPost(PostDto)

Async:
    Async started = false
     Async result = null

Resolved Exception:
             Type = org.springframework.web.bind.MethodArgumentNotValidException

ModelAndView:
        View name = null
             View = null
            Model = null

FlashMap:
       Attributes = null

MockHttpServletResponse:
           Status = 400
    Error message = null
          Headers = [Content-Type:"application/json"]
     Content type = application/json
             Body = {"errors":{"date":["La fecha debe tener formato dd-MM-yyyy"]}}
    Forwarded URL = null
   Redirected URL = null
          Cookies = []
]]></system-out>
  </testcase>
  <testcase name="getPostList_NotFoundPromoWithFilters_returnNotFoundException" classname="com.mercadolibre.be_java_hisp_w31_g3.integration.ProductControllerTest" time="0.003">
    <system-out><![CDATA[
MockHttpServletRequest:
      HTTP Method = GET
      Request URI = /products/post/list
       Parameters = {discount=[0.155], category=[10034], color=[Blacksss], hasPromo=[false]}
          Headers = []
             Body = null
    Session Attrs = {}

Handler:
             Type = com.mercadolibre.be_java_hisp_w31_g3.controller.ProductController
           Method = com.mercadolibre.be_java_hisp_w31_g3.controller.ProductController#getPromoPostsByFilter(Double, Long, String, Boolean)

Async:
    Async started = false
     Async result = null

Resolved Exception:
             Type = com.mercadolibre.be_java_hisp_w31_g3.exception.NotFoundException

ModelAndView:
        View name = null
             View = null
            Model = null

FlashMap:
       Attributes = null

MockHttpServletResponse:
           Status = 404
    Error message = null
          Headers = [Content-Type:"application/json"]
     Content type = application/json
             Body = {"message":"No se encontraron publicaciones con el filtro proporcionado."}
    Forwarded URL = null
   Redirected URL = null
          Cookies = []
]]></system-out>
  </testcase>
  <testcase name="getPromoPosts_validId_returnPromoList" classname="com.mercadolibre.be_java_hisp_w31_g3.integration.ProductControllerTest" time="0.004">
    <system-out><![CDATA[
MockHttpServletRequest:
      HTTP Method = GET
      Request URI = /products/promo-post/list
       Parameters = {user_id=[2]}
          Headers = []
             Body = null
    Session Attrs = {}

Handler:
             Type = com.mercadolibre.be_java_hisp_w31_g3.controller.ProductController
           Method = com.mercadolibre.be_java_hisp_w31_g3.controller.ProductController#getPromoPosts(Long)

Async:
    Async started = false
     Async result = null

Resolved Exception:
             Type = null

ModelAndView:
        View name = null
             View = null
            Model = null

FlashMap:
       Attributes = null

MockHttpServletResponse:
           Status = 200
    Error message = null
          Headers = [Content-Type:"application/json"]
     Content type = application/json
             Body = {"posts":[{"postId":1,"date":"01-04-2025","product":{"type":"Household","brand":"Racer","color":"Black","notes":"Special Edition","product_id":5,"product_name":"Silla"},"price":700.0,"discount":0.15,"user_id":2,"category":100,"has_promo":true}],"user_id":2,"user_name":"Jane Smith"}
    Forwarded URL = null
   Redirected URL = null
          Cookies = []
]]></system-out>
  </testcase>
  <testcase name="getPromoTest_isEmptyPromo_throwsNotFound" classname="com.mercadolibre.be_java_hisp_w31_g3.integration.ProductControllerTest" time="0.002">
    <system-out><![CDATA[
MockHttpServletRequest:
      HTTP Method = GET
      Request URI = /products/promo-post/list
       Parameters = {user_id=[55]}
          Headers = []
             Body = null
    Session Attrs = {}

Handler:
             Type = com.mercadolibre.be_java_hisp_w31_g3.controller.ProductController
           Method = com.mercadolibre.be_java_hisp_w31_g3.controller.ProductController#getPromoPosts(Long)

Async:
    Async started = false
     Async result = null

Resolved Exception:
             Type = com.mercadolibre.be_java_hisp_w31_g3.exception.NotFoundException

ModelAndView:
        View name = null
             View = null
            Model = null

FlashMap:
       Attributes = null

MockHttpServletResponse:
           Status = 404
    Error message = null
          Headers = [Content-Type:"application/json"]
     Content type = application/json
             Body = {"message":"No hay Productos en promoción"}
    Forwarded URL = null
   Redirected URL = null
          Cookies = []
]]></system-out>
  </testcase>
  <testcase name="createPost_InvalidDateFormat_ReturnBadRequest" classname="com.mercadolibre.be_java_hisp_w31_g3.integration.ProductControllerTest" time="0.002"/>
  <testcase name="getFollowedByUserId_ReturnNotFoundUser" classname="com.mercadolibre.be_java_hisp_w31_g3.integration.ProductControllerTest" time="0.002">
    <system-out><![CDATA[
MockHttpServletRequest:
      HTTP Method = GET
      Request URI = /products/followed/999/list
       Parameters = {}
          Headers = [Accept:"application/json"]
             Body = null
    Session Attrs = {}

Handler:
             Type = com.mercadolibre.be_java_hisp_w31_g3.controller.ProductController
           Method = com.mercadolibre.be_java_hisp_w31_g3.controller.ProductController#getFollowedByUserId(Long, String)

Async:
    Async started = false
     Async result = null

Resolved Exception:
             Type = com.mercadolibre.be_java_hisp_w31_g3.exception.NotFoundException

ModelAndView:
        View name = null
             View = null
            Model = null

FlashMap:
       Attributes = null

MockHttpServletResponse:
           Status = 404
    Error message = null
          Headers = [Content-Type:"application/json"]
     Content type = application/json
             Body = {"message":"No se encontró el usuario con el id ingresado"}
    Forwarded URL = null
   Redirected URL = null
          Cookies = []
]]></system-out>
  </testcase>
  <testcase name="addPost_NonExistentUserId_ThrowsNotFoundException" classname="com.mercadolibre.be_java_hisp_w31_g3.integration.ProductControllerTest" time="0.003">
    <system-out><![CDATA[
MockHttpServletRequest:
      HTTP Method = POST
      Request URI = /products/post
       Parameters = {}
          Headers = [Content-Type:"application/json;charset=UTF-8", Content-Length:"190"]
             Body = {"postId":10,"date":"06-05-2025","product":{"type":"type1","brand":"brand1","color":"red","notes":"notes","product_id":1,"product_name":"product1"},"price":200.0,"user_id":1000,"category":1}
    Session Attrs = {}

Handler:
             Type = com.mercadolibre.be_java_hisp_w31_g3.controller.ProductController
           Method = com.mercadolibre.be_java_hisp_w31_g3.controller.ProductController#addPost(PostDto)

Async:
    Async started = false
     Async result = null

Resolved Exception:
             Type = com.mercadolibre.be_java_hisp_w31_g3.exception.NotFoundException

ModelAndView:
        View name = null
             View = null
            Model = null

FlashMap:
       Attributes = null

MockHttpServletResponse:
           Status = 404
    Error message = null
          Headers = [Content-Type:"application/json"]
     Content type = application/json
             Body = {"message":"No se encontró el usuario con el id ingresado"}
    Forwarded URL = null
   Redirected URL = null
          Cookies = []
]]></system-out>
  </testcase>
  <testcase name="getPromoPostCount_ValidUserId_ReturnsPromoPostCount" classname="com.mercadolibre.be_java_hisp_w31_g3.integration.ProductControllerTest" time="0.004">
    <system-out><![CDATA[
MockHttpServletRequest:
      HTTP Method = GET
      Request URI = /products/promo-post/count
       Parameters = {user_id=[59]}
          Headers = []
             Body = null
    Session Attrs = {}

Handler:
             Type = com.mercadolibre.be_java_hisp_w31_g3.controller.ProductController
           Method = com.mercadolibre.be_java_hisp_w31_g3.controller.ProductController#getPromoPostCount(Long)

Async:
    Async started = false
     Async result = null

Resolved Exception:
             Type = null

ModelAndView:
        View name = null
             View = null
            Model = null

FlashMap:
       Attributes = null

MockHttpServletResponse:
           Status = 200
    Error message = null
          Headers = [Content-Type:"application/json"]
     Content type = application/json
             Body = {"user_id":59,"user_name":"Spencer","promo_products_count":1}
    Forwarded URL = null
   Redirected URL = null
          Cookies = []
]]></system-out>
  </testcase>
  <testcase name="getPostListWithFiltersTest_validFilters_returnFilteredList" classname="com.mercadolibre.be_java_hisp_w31_g3.integration.ProductControllerTest" time="0.003">
    <system-out><![CDATA[
MockHttpServletRequest:
      HTTP Method = GET
      Request URI = /products/post/list
       Parameters = {discount=[0.15], category=[100], color=[Black], hasPromo=[true]}
          Headers = []
             Body = null
    Session Attrs = {}

Handler:
             Type = com.mercadolibre.be_java_hisp_w31_g3.controller.ProductController
           Method = com.mercadolibre.be_java_hisp_w31_g3.controller.ProductController#getPromoPostsByFilter(Double, Long, String, Boolean)

Async:
    Async started = false
     Async result = null

Resolved Exception:
             Type = null

ModelAndView:
        View name = null
             View = null
            Model = null

FlashMap:
       Attributes = null

MockHttpServletResponse:
           Status = 200
    Error message = null
          Headers = [Content-Type:"application/json"]
     Content type = application/json
             Body = [{"postId":1,"date":"01-04-2025","product":{"type":"Household","brand":"Racer","color":"Black","notes":"Special Edition","product_id":5,"product_name":"Silla"},"price":700.0,"discount":0.15,"user_id":2,"category":100,"has_promo":true}]
    Forwarded URL = null
   Redirected URL = null
          Cookies = []
]]></system-out>
  </testcase>
  <testcase name="createPost_InvalidUserId_ReturnBadRequest" classname="com.mercadolibre.be_java_hisp_w31_g3.integration.ProductControllerTest" time="0.002">
    <system-out><![CDATA[
MockHttpServletRequest:
      HTTP Method = POST
      Request URI = /products/promo-post
       Parameters = {}
          Headers = [Content-Type:"application/json;charset=UTF-8", Content-Length:"210"]
             Body = {"date":"01-04-2025","product":{"type":"Household","brand":"Racer","color":"Black","notes":"Special Edition","product_id":5,"product_name":"Silla"},"price":700.0,"discount":0.15,"category":100,"has_promo":true}
    Session Attrs = {}

Handler:
             Type = com.mercadolibre.be_java_hisp_w31_g3.controller.ProductController
           Method = com.mercadolibre.be_java_hisp_w31_g3.controller.ProductController#createPromoPost(PostDto)

Async:
    Async started = false
     Async result = null

Resolved Exception:
             Type = org.springframework.web.bind.MethodArgumentNotValidException

ModelAndView:
        View name = null
             View = null
            Model = null

FlashMap:
       Attributes = null

MockHttpServletResponse:
           Status = 400
    Error message = null
          Headers = [Content-Type:"application/json"]
     Content type = application/json
             Body = {"errors":{"userId":["El id no puede estar vacío"]}}
    Forwarded URL = null
   Redirected URL = null
          Cookies = []
]]></system-out>
  </testcase>
  <testcase name="getPromoPostTest_invalidId_throwsNotFound" classname="com.mercadolibre.be_java_hisp_w31_g3.integration.ProductControllerTest" time="0.002">
    <system-out><![CDATA[
MockHttpServletRequest:
      HTTP Method = GET
      Request URI = /products/promo-post/list
       Parameters = {user_id=[220]}
          Headers = []
             Body = null
    Session Attrs = {}

Handler:
             Type = com.mercadolibre.be_java_hisp_w31_g3.controller.ProductController
           Method = com.mercadolibre.be_java_hisp_w31_g3.controller.ProductController#getPromoPosts(Long)

Async:
    Async started = false
     Async result = null

Resolved Exception:
             Type = com.mercadolibre.be_java_hisp_w31_g3.exception.NotFoundException

ModelAndView:
        View name = null
             View = null
            Model = null

FlashMap:
       Attributes = null

MockHttpServletResponse:
           Status = 404
    Error message = null
          Headers = [Content-Type:"application/json"]
     Content type = application/json
             Body = {"message":"No se encontró el usuario con el id ingresado"}
    Forwarded URL = null
   Redirected URL = null
          Cookies = []
]]></system-out>
  </testcase>
  <testcase name="addPost_EmptyDate_ThrowsBadRequestException" classname="com.mercadolibre.be_java_hisp_w31_g3.integration.ProductControllerTest" time="0.002">
    <system-out><![CDATA[
MockHttpServletRequest:
      HTTP Method = POST
      Request URI = /products/post
       Parameters = {}
          Headers = [Content-Type:"application/json;charset=UTF-8", Content-Length:"168"]
             Body = {"postId":12,"product":{"type":"type1","brand":"brand1","color":"red","notes":"notes","product_id":1,"product_name":"product1"},"price":200.0,"user_id":63,"category":1}
    Session Attrs = {}

Handler:
             Type = com.mercadolibre.be_java_hisp_w31_g3.controller.ProductController
           Method = com.mercadolibre.be_java_hisp_w31_g3.controller.ProductController#addPost(PostDto)

Async:
    Async started = false
     Async result = null

Resolved Exception:
             Type = org.springframework.web.bind.MethodArgumentNotValidException

ModelAndView:
        View name = null
             View = null
            Model = null

FlashMap:
       Attributes = null

MockHttpServletResponse:
           Status = 400
    Error message = null
          Headers = [Content-Type:"application/json"]
     Content type = application/json
             Body = {"errors":{"date":["La fecha no puede estar vacía"]}}
    Forwarded URL = null
   Redirected URL = null
          Cookies = []
]]></system-out>
  </testcase>
  <testcase name="getFollowedByUserId_ReturnEmptyListUser" classname="com.mercadolibre.be_java_hisp_w31_g3.integration.ProductControllerTest" time="0.002">
    <system-out><![CDATA[
MockHttpServletRequest:
      HTTP Method = GET
      Request URI = /products/followed/65/list
       Parameters = {order=[date_asc]}
          Headers = [Accept:"application/json"]
             Body = null
    Session Attrs = {}

Handler:
             Type = com.mercadolibre.be_java_hisp_w31_g3.controller.ProductController
           Method = com.mercadolibre.be_java_hisp_w31_g3.controller.ProductController#getFollowedByUserId(Long, String)

Async:
    Async started = false
     Async result = null

Resolved Exception:
             Type = null

ModelAndView:
        View name = null
             View = null
            Model = null

FlashMap:
       Attributes = null

MockHttpServletResponse:
           Status = 200
    Error message = null
          Headers = [Content-Type:"application/json"]
     Content type = application/json
             Body = {"posts":[],"user_id":65}
    Forwarded URL = null
   Redirected URL = null
          Cookies = []
]]></system-out>
  </testcase>
  <testcase name="getFollowedByUserId_ReturnJsonWithPost" classname="com.mercadolibre.be_java_hisp_w31_g3.integration.ProductControllerTest" time="0.005">
    <system-out><![CDATA[
MockHttpServletRequest:
      HTTP Method = GET
      Request URI = /products/followed/1/list
       Parameters = {order=[date_asc]}
          Headers = [Accept:"application/json"]
             Body = null
    Session Attrs = {}

Handler:
             Type = com.mercadolibre.be_java_hisp_w31_g3.controller.ProductController
           Method = com.mercadolibre.be_java_hisp_w31_g3.controller.ProductController#getFollowedByUserId(Long, String)

Async:
    Async started = false
     Async result = null

Resolved Exception:
             Type = null

ModelAndView:
        View name = null
             View = null
            Model = null

FlashMap:
       Attributes = null

MockHttpServletResponse:
           Status = 200
    Error message = null
          Headers = [Content-Type:"application/json"]
     Content type = application/json
             Body = {"posts":[{"postId":2,"date":"03-05-2025","product":{"type":"tipo","brand":"marca","color":"color","notes":"nota","product_id":2,"product_name":"Producto 2"},"price":20.0,"user_id":2},{"postId":1,"date":"05-05-2025","product":{"type":"tipo","brand":"marca","color":"color","notes":"nota","product_id":1,"product_name":"Producto 1"},"price":10.0,"user_id":2},{"postId":5,"date":"23-04-2025","product":{"type":"tipo","brand":"marca","color":"color","notes":"nota","product_id":5,"product_name":"Producto 5"},"price":50.0,"user_id":2},{"postId":4,"date":"26-04-2025","product":{"type":"tipo","brand":"marca","color":"color","notes":"nota","product_id":4,"product_name":"Producto 4"},"price":40.0,"user_id":2},{"postId":3,"date":"29-04-2025","product":{"type":"tipo","brand":"marca","color":"color","notes":"nota","product_id":3,"product_name":"Producto 3"},"price":30.0,"user_id":2}],"user_id":1}
    Forwarded URL = null
   Redirected URL = null
          Cookies = []
]]></system-out>
  </testcase>
  <testcase name="getPromoPostCount_InvalidId_ThrowsNotFoundException" classname="com.mercadolibre.be_java_hisp_w31_g3.integration.ProductControllerTest" time="0.002">
    <system-out><![CDATA[
MockHttpServletRequest:
      HTTP Method = GET
      Request URI = /products/promo-post/count
       Parameters = {user_id=[1000]}
          Headers = []
             Body = null
    Session Attrs = {}

Handler:
             Type = com.mercadolibre.be_java_hisp_w31_g3.controller.ProductController
           Method = com.mercadolibre.be_java_hisp_w31_g3.controller.ProductController#getPromoPostCount(Long)

Async:
    Async started = false
     Async result = null

Resolved Exception:
             Type = com.mercadolibre.be_java_hisp_w31_g3.exception.NotFoundException

ModelAndView:
        View name = null
             View = null
            Model = null

FlashMap:
       Attributes = null

MockHttpServletResponse:
           Status = 404
    Error message = null
          Headers = [Content-Type:"application/json"]
     Content type = application/json
             Body = {"message":"No se encontró el usuario con el id ingresado"}
    Forwarded URL = null
   Redirected URL = null
          Cookies = []
]]></system-out>
  </testcase>
</testsuite>