<?xml version="1.0" encoding="UTF-8"?>
<testsuite xmlns:xsi="http://www.w3.org/2001/XMLSchema-instance" xsi:noNamespaceSchemaLocation="https://maven.apache.org/surefire/maven-surefire-plugin/xsd/surefire-test-report.xsd" version="3.0.2" name="com.mercadolibre.be_java_hisp_w31_g3.integration.UserControllerTest" time="1.799" tests="13" errors="0" skipped="0" failures="0">
  <properties>
[...]
</properties>
  <testcase name="followersCount_ValidUser_ReturnsCorrectCount" classname="com.mercadolibre.be_java_hisp_w31_g3.integration.UserControllerTest" time="0.478">
    <system-out><![CDATA[08:13:35.791 [main] INFO org.springframework.test.context.support.AnnotationConfigContextLoaderUtils -- Could not detect default configuration classes for test class [com.mercadolibre.be_java_hisp_w31_g3.integration.UserControllerTest]: UserControllerTest does not declare any static, non-private, non-final, nested classes annotated with @Configuration.
08:13:35.868 [main] INFO org.springframework.boot.test.context.SpringBootTestContextBootstrapper -- Found @SpringBootConfiguration com.mercadolibre.be_java_hisp_w31_g3.BeJavaHispW31G3Application for test class com.mercadolibre.be_java_hisp_w31_g3.integration.UserControllerTest
08:13:36.081 [main] INFO org.springframework.boot.devtools.restart.RestartApplicationListener -- Restart disabled due to context in which it is running

  .   ____          _            __ _ _
 /\\ / ___'_ __ _ _(_)_ __  __ _ \ \ \ \
( ( )\___ | '_ | '_| | '_ \/ _` | \ \ \ \
 \\/  ___)| |_)| | | | | || (_| |  ) ) ) )
  '  |____| .__|_| |_|_| |_\__, | / / / /
 =========|_|==============|___/=/_/_/_/

 :: Spring Boot ::                (v3.4.4)

2025-05-06T08:13:36.235-05:00  INFO 27859 --- [be_java_hisp_w31_g3] [           main] c.m.b.integration.UserControllerTest     : Starting UserControllerTest using Java 23.0.2 with PID 27859 (started by frankfelipro in /Users/frankfelipro/Downloads/be_java_hisp_w31_g3)
2025-05-06T08:13:36.236-05:00  INFO 27859 --- [be_java_hisp_w31_g3] [           main] c.m.b.integration.UserControllerTest     : No active profile set, falling back to 1 default profile: "default"
2025-05-06T08:13:36.912-05:00  INFO 27859 --- [be_java_hisp_w31_g3] [           main] o.s.b.t.m.w.SpringBootMockServletContext : Initializing Spring TestDispatcherServlet ''
2025-05-06T08:13:36.912-05:00  INFO 27859 --- [be_java_hisp_w31_g3] [           main] o.s.t.web.servlet.TestDispatcherServlet  : Initializing Servlet ''
2025-05-06T08:13:36.913-05:00  INFO 27859 --- [be_java_hisp_w31_g3] [           main] o.s.t.web.servlet.TestDispatcherServlet  : Completed initialization in 0 ms
2025-05-06T08:13:36.924-05:00  INFO 27859 --- [be_java_hisp_w31_g3] [           main] c.m.b.integration.UserControllerTest     : Started UserControllerTest in 0.85 seconds (process running for 1.648)

MockHttpServletRequest:
      HTTP Method = GET
      Request URI = /users/6/followers/count
       Parameters = {}
          Headers = []
             Body = null
    Session Attrs = {}

Handler:
             Type = com.mercadolibre.be_java_hisp_w31_g3.controller.UserController
           Method = com.mercadolibre.be_java_hisp_w31_g3.controller.UserController#getFollowersCount(Long)

Async:
    Async started = false
     Async result = null

Resolved Exception:
             Type = null

ModelAndView:
        View name = null
             View = null
            Model = null

FlashMap:
       Attributes = null

MockHttpServletResponse:
           Status = 200
    Error message = null
          Headers = [Content-Type:"application/json"]
     Content type = application/json
             Body = {"user_id":6,"user_name":"Spencer","followers_count":1}
    Forwarded URL = null
   Redirected URL = null
          Cookies = []
]]></system-out>
    <system-err><![CDATA[Mockito is currently self-attaching to enable the inline-mock-maker. This will no longer work in future releases of the JDK. Please add Mockito as an agent to your build what is described in Mockito's documentation: https://javadoc.io/doc/org.mockito/mockito-core/latest/org/mockito/Mockito.html#0.3
WARNING: A Java agent has been loaded dynamically (/Users/frankfelipro/.m2/repository/net/bytebuddy/byte-buddy-agent/1.15.11/byte-buddy-agent-1.15.11.jar)
WARNING: If a serviceability tool is in use, please run with -XX:+EnableDynamicAgentLoading to hide this warning
WARNING: If a serviceability tool is not in use, please run with -Djdk.instrument.traceUsage for more information
WARNING: Dynamic loading of agents will be disallowed by default in a future release
]]></system-err>
  </testcase>
  <testcase name="getFollowedByUserId_ValidUserId_ReturnsFollowedListOrderedAsc" classname="com.mercadolibre.be_java_hisp_w31_g3.integration.UserControllerTest" time="0.028">
    <system-out><![CDATA[
MockHttpServletRequest:
      HTTP Method = POST
      Request URI = /users/9/follow/10
       Parameters = {}
          Headers = []
             Body = null
    Session Attrs = {}

Handler:
             Type = com.mercadolibre.be_java_hisp_w31_g3.controller.UserController
           Method = com.mercadolibre.be_java_hisp_w31_g3.controller.UserController#addFollower(Long, Long)

Async:
    Async started = false
     Async result = null

Resolved Exception:
             Type = null

ModelAndView:
        View name = null
             View = null
            Model = null

FlashMap:
       Attributes = null

MockHttpServletResponse:
           Status = 200
    Error message = null
          Headers = []
     Content type = null
             Body = 
    Forwarded URL = null
   Redirected URL = null
          Cookies = []

MockHttpServletRequest:
      HTTP Method = POST
      Request URI = /users/9/follow/11
       Parameters = {}
          Headers = []
             Body = null
    Session Attrs = {}

Handler:
             Type = com.mercadolibre.be_java_hisp_w31_g3.controller.UserController
           Method = com.mercadolibre.be_java_hisp_w31_g3.controller.UserController#addFollower(Long, Long)

Async:
    Async started = false
     Async result = null

Resolved Exception:
             Type = null

ModelAndView:
        View name = null
             View = null
            Model = null

FlashMap:
       Attributes = null

MockHttpServletResponse:
           Status = 200
    Error message = null
          Headers = []
     Content type = null
             Body = 
    Forwarded URL = null
   Redirected URL = null
          Cookies = []

MockHttpServletRequest:
      HTTP Method = GET
      Request URI = /users/9/followed/list
       Parameters = {order=[name_asc]}
          Headers = []
             Body = null
    Session Attrs = {}

Handler:
             Type = com.mercadolibre.be_java_hisp_w31_g3.controller.UserController
           Method = com.mercadolibre.be_java_hisp_w31_g3.controller.UserController#getFollowedByUserId(Long, String)

Async:
    Async started = false
     Async result = null

Resolved Exception:
             Type = null

ModelAndView:
        View name = null
             View = null
            Model = null

FlashMap:
       Attributes = null

MockHttpServletResponse:
           Status = 200
    Error message = null
          Headers = [Content-Type:"application/json"]
     Content type = application/json
             Body = {"followed":[{"user_id":11,"user_name":"Camille"},{"user_id":10,"user_name":"Garret"}],"user_id":9,"user_name":"Spencer"}
    Forwarded URL = null
   Redirected URL = null
          Cookies = []
]]></system-out>
  </testcase>
  <testcase name="unfollowUser_InvalidUserId_ThrowsNotFoundException" classname="com.mercadolibre.be_java_hisp_w31_g3.integration.UserControllerTest" time="0.007">
    <system-out><![CDATA[
MockHttpServletRequest:
      HTTP Method = PUT
      Request URI = /users/13/unfollow/99
       Parameters = {}
          Headers = []
             Body = null
    Session Attrs = {}

Handler:
             Type = com.mercadolibre.be_java_hisp_w31_g3.controller.UserController
           Method = com.mercadolibre.be_java_hisp_w31_g3.controller.UserController#unfollowUser(Long, Long)

Async:
    Async started = false
     Async result = null

Resolved Exception:
             Type = com.mercadolibre.be_java_hisp_w31_g3.exception.NotFoundException

ModelAndView:
        View name = null
             View = null
            Model = null

FlashMap:
       Attributes = null

MockHttpServletResponse:
           Status = 404
    Error message = null
          Headers = [Content-Type:"application/json"]
     Content type = application/json
             Body = {"message":"No se encontró el usuario con el id ingresado"}
    Forwarded URL = null
   Redirected URL = null
          Cookies = []
]]></system-out>
  </testcase>
  <testcase name="getFollowersByUserId_ValidUserId_ReturnsFollowersListOrderedByNameDesc" classname="com.mercadolibre.be_java_hisp_w31_g3.integration.UserControllerTest" time="0.008">
    <system-out><![CDATA[
MockHttpServletRequest:
      HTTP Method = POST
      Request URI = /users/15/follow/16
       Parameters = {}
          Headers = []
             Body = null
    Session Attrs = {}

Handler:
             Type = com.mercadolibre.be_java_hisp_w31_g3.controller.UserController
           Method = com.mercadolibre.be_java_hisp_w31_g3.controller.UserController#addFollower(Long, Long)

Async:
    Async started = false
     Async result = null

Resolved Exception:
             Type = null

ModelAndView:
        View name = null
             View = null
            Model = null

FlashMap:
       Attributes = null

MockHttpServletResponse:
           Status = 200
    Error message = null
          Headers = []
     Content type = null
             Body = 
    Forwarded URL = null
   Redirected URL = null
          Cookies = []

MockHttpServletRequest:
      HTTP Method = POST
      Request URI = /users/17/follow/16
       Parameters = {}
          Headers = []
             Body = null
    Session Attrs = {}

Handler:
             Type = com.mercadolibre.be_java_hisp_w31_g3.controller.UserController
           Method = com.mercadolibre.be_java_hisp_w31_g3.controller.UserController#addFollower(Long, Long)

Async:
    Async started = false
     Async result = null

Resolved Exception:
             Type = null

ModelAndView:
        View name = null
             View = null
            Model = null

FlashMap:
       Attributes = null

MockHttpServletResponse:
           Status = 200
    Error message = null
          Headers = []
     Content type = null
             Body = 
    Forwarded URL = null
   Redirected URL = null
          Cookies = []

MockHttpServletRequest:
      HTTP Method = GET
      Request URI = /users/16/followers/list
       Parameters = {order=[name_desc]}
          Headers = []
             Body = null
    Session Attrs = {}

Handler:
             Type = com.mercadolibre.be_java_hisp_w31_g3.controller.UserController
           Method = com.mercadolibre.be_java_hisp_w31_g3.controller.UserController#getFollowersByUserId(Long, String)

Async:
    Async started = false
     Async result = null

Resolved Exception:
             Type = null

ModelAndView:
        View name = null
             View = null
            Model = null

FlashMap:
       Attributes = null

MockHttpServletResponse:
           Status = 200
    Error message = null
          Headers = [Content-Type:"application/json"]
     Content type = application/json
             Body = {"followers":[{"user_id":15,"user_name":"Spencer"},{"user_id":17,"user_name":"Camille"}],"user_id":16,"user_name":"Garret"}
    Forwarded URL = null
   Redirected URL = null
          Cookies = []
]]></system-out>
  </testcase>
  <testcase name="getFollowedByUserId_NonExistentUserId_ThrowsNotFoundException" classname="com.mercadolibre.be_java_hisp_w31_g3.integration.UserControllerTest" time="0.003">
    <system-out><![CDATA[
MockHttpServletRequest:
      HTTP Method = GET
      Request URI = /users/1000/followed/list
       Parameters = {}
          Headers = []
             Body = null
    Session Attrs = {}

Handler:
             Type = com.mercadolibre.be_java_hisp_w31_g3.controller.UserController
           Method = com.mercadolibre.be_java_hisp_w31_g3.controller.UserController#getFollowedByUserId(Long, String)

Async:
    Async started = false
     Async result = null

Resolved Exception:
             Type = com.mercadolibre.be_java_hisp_w31_g3.exception.NotFoundException

ModelAndView:
        View name = null
             View = null
            Model = null

FlashMap:
       Attributes = null

MockHttpServletResponse:
           Status = 404
    Error message = null
          Headers = [Content-Type:"application/json"]
     Content type = application/json
             Body = {"message":"No se encontró el usuario con el id ingresado"}
    Forwarded URL = null
   Redirected URL = null
          Cookies = []
]]></system-out>
  </testcase>
  <testcase name="addFollower_InvalidUserId_ThrowsNotFoundException" classname="com.mercadolibre.be_java_hisp_w31_g3.integration.UserControllerTest" time="0.003">
    <system-out><![CDATA[
MockHttpServletRequest:
      HTTP Method = POST
      Request URI = /users/22/follow/99
       Parameters = {}
          Headers = []
             Body = null
    Session Attrs = {}

Handler:
             Type = com.mercadolibre.be_java_hisp_w31_g3.controller.UserController
           Method = com.mercadolibre.be_java_hisp_w31_g3.controller.UserController#addFollower(Long, Long)

Async:
    Async started = false
     Async result = null

Resolved Exception:
             Type = com.mercadolibre.be_java_hisp_w31_g3.exception.NotFoundException

ModelAndView:
        View name = null
             View = null
            Model = null

FlashMap:
       Attributes = null

MockHttpServletResponse:
           Status = 404
    Error message = null
          Headers = [Content-Type:"application/json"]
     Content type = application/json
             Body = {"message":"Alguno de los usuarios no existe."}
    Forwarded URL = null
   Redirected URL = null
          Cookies = []
]]></system-out>
  </testcase>
  <testcase name="unfollowUser_ValidUsers_UnfollowedSuccessfully" classname="com.mercadolibre.be_java_hisp_w31_g3.integration.UserControllerTest" time="0.003">
    <system-out><![CDATA[
MockHttpServletRequest:
      HTTP Method = PUT
      Request URI = /users/25/unfollow/24
       Parameters = {}
          Headers = []
             Body = null
    Session Attrs = {}

Handler:
             Type = com.mercadolibre.be_java_hisp_w31_g3.controller.UserController
           Method = com.mercadolibre.be_java_hisp_w31_g3.controller.UserController#unfollowUser(Long, Long)

Async:
    Async started = false
     Async result = null

Resolved Exception:
             Type = null

ModelAndView:
        View name = null
             View = null
            Model = null

FlashMap:
       Attributes = null

MockHttpServletResponse:
           Status = 200
    Error message = null
          Headers = []
     Content type = null
             Body = 
    Forwarded URL = null
   Redirected URL = null
          Cookies = []
]]></system-out>
  </testcase>
  <testcase name="addFollower_ValidUsers_FollowerAdded" classname="com.mercadolibre.be_java_hisp_w31_g3.integration.UserControllerTest" time="0.002">
    <system-out><![CDATA[
MockHttpServletRequest:
      HTTP Method = POST
      Request URI = /users/28/follow/27
       Parameters = {}
          Headers = []
             Body = null
    Session Attrs = {}

Handler:
             Type = com.mercadolibre.be_java_hisp_w31_g3.controller.UserController
           Method = com.mercadolibre.be_java_hisp_w31_g3.controller.UserController#addFollower(Long, Long)

Async:
    Async started = false
     Async result = null

Resolved Exception:
             Type = null

ModelAndView:
        View name = null
             View = null
            Model = null

FlashMap:
       Attributes = null

MockHttpServletResponse:
           Status = 200
    Error message = null
          Headers = []
     Content type = null
             Body = 
    Forwarded URL = null
   Redirected URL = null
          Cookies = []
]]></system-out>
  </testcase>
  <testcase name="getFollowersByUserId_NonExistentUserId_ThrowsNotFoundException" classname="com.mercadolibre.be_java_hisp_w31_g3.integration.UserControllerTest" time="0.002">
    <system-out><![CDATA[
MockHttpServletRequest:
      HTTP Method = GET
      Request URI = /users/1000/followers/list
       Parameters = {}
          Headers = []
             Body = null
    Session Attrs = {}

Handler:
             Type = com.mercadolibre.be_java_hisp_w31_g3.controller.UserController
           Method = com.mercadolibre.be_java_hisp_w31_g3.controller.UserController#getFollowersByUserId(Long, String)

Async:
    Async started = false
     Async result = null

Resolved Exception:
             Type = com.mercadolibre.be_java_hisp_w31_g3.exception.NotFoundException

ModelAndView:
        View name = null
             View = null
            Model = null

FlashMap:
       Attributes = null

MockHttpServletResponse:
           Status = 404
    Error message = null
          Headers = [Content-Type:"application/json"]
     Content type = application/json
             Body = {"message":"No se encontró el usuario con el id ingresado"}
    Forwarded URL = null
   Redirected URL = null
          Cookies = []
]]></system-out>
  </testcase>
  <testcase name="getFollowersByUserId_ValidUserId_ReturnsFollowersListOrderedByNameAsc" classname="com.mercadolibre.be_java_hisp_w31_g3.integration.UserControllerTest" time="0.005">
    <system-out><![CDATA[
MockHttpServletRequest:
      HTTP Method = POST
      Request URI = /users/33/follow/34
       Parameters = {}
          Headers = []
             Body = null
    Session Attrs = {}

Handler:
             Type = com.mercadolibre.be_java_hisp_w31_g3.controller.UserController
           Method = com.mercadolibre.be_java_hisp_w31_g3.controller.UserController#addFollower(Long, Long)

Async:
    Async started = false
     Async result = null

Resolved Exception:
             Type = null

ModelAndView:
        View name = null
             View = null
            Model = null

FlashMap:
       Attributes = null

MockHttpServletResponse:
           Status = 200
    Error message = null
          Headers = []
     Content type = null
             Body = 
    Forwarded URL = null
   Redirected URL = null
          Cookies = []

MockHttpServletRequest:
      HTTP Method = POST
      Request URI = /users/35/follow/34
       Parameters = {}
          Headers = []
             Body = null
    Session Attrs = {}

Handler:
             Type = com.mercadolibre.be_java_hisp_w31_g3.controller.UserController
           Method = com.mercadolibre.be_java_hisp_w31_g3.controller.UserController#addFollower(Long, Long)

Async:
    Async started = false
     Async result = null

Resolved Exception:
             Type = null

ModelAndView:
        View name = null
             View = null
            Model = null

FlashMap:
       Attributes = null

MockHttpServletResponse:
           Status = 200
    Error message = null
          Headers = []
     Content type = null
             Body = 
    Forwarded URL = null
   Redirected URL = null
          Cookies = []

MockHttpServletRequest:
      HTTP Method = GET
      Request URI = /users/34/followers/list
       Parameters = {order=[name_asc]}
          Headers = []
             Body = null
    Session Attrs = {}

Handler:
             Type = com.mercadolibre.be_java_hisp_w31_g3.controller.UserController
           Method = com.mercadolibre.be_java_hisp_w31_g3.controller.UserController#getFollowersByUserId(Long, String)

Async:
    Async started = false
     Async result = null

Resolved Exception:
             Type = null

ModelAndView:
        View name = null
             View = null
            Model = null

FlashMap:
       Attributes = null

MockHttpServletResponse:
           Status = 200
    Error message = null
          Headers = [Content-Type:"application/json"]
     Content type = application/json
             Body = {"followers":[{"user_id":35,"user_name":"Camille"},{"user_id":33,"user_name":"Spencer"}],"user_id":34,"user_name":"Garret"}
    Forwarded URL = null
   Redirected URL = null
          Cookies = []
]]></system-out>
  </testcase>
  <testcase name="getFollowersByUserId_ValidUserId_ReturnsFollowersList" classname="com.mercadolibre.be_java_hisp_w31_g3.integration.UserControllerTest" time="0.006">
    <system-out><![CDATA[
MockHttpServletRequest:
      HTTP Method = POST
      Request URI = /users/36/follow/37
       Parameters = {}
          Headers = []
             Body = null
    Session Attrs = {}

Handler:
             Type = com.mercadolibre.be_java_hisp_w31_g3.controller.UserController
           Method = com.mercadolibre.be_java_hisp_w31_g3.controller.UserController#addFollower(Long, Long)

Async:
    Async started = false
     Async result = null

Resolved Exception:
             Type = null

ModelAndView:
        View name = null
             View = null
            Model = null

FlashMap:
       Attributes = null

MockHttpServletResponse:
           Status = 200
    Error message = null
          Headers = []
     Content type = null
             Body = 
    Forwarded URL = null
   Redirected URL = null
          Cookies = []

MockHttpServletRequest:
      HTTP Method = GET
      Request URI = /users/37/followers/list
       Parameters = {order=[name_asc]}
          Headers = []
             Body = null
    Session Attrs = {}

Handler:
             Type = com.mercadolibre.be_java_hisp_w31_g3.controller.UserController
           Method = com.mercadolibre.be_java_hisp_w31_g3.controller.UserController#getFollowersByUserId(Long, String)

Async:
    Async started = false
     Async result = null

Resolved Exception:
             Type = null

ModelAndView:
        View name = null
             View = null
            Model = null

FlashMap:
       Attributes = null

MockHttpServletResponse:
           Status = 200
    Error message = null
          Headers = [Content-Type:"application/json"]
     Content type = application/json
             Body = {"followers":[{"user_id":36,"user_name":"Spencer"}],"user_id":37,"user_name":"Garret"}
    Forwarded URL = null
   Redirected URL = null
          Cookies = []
]]></system-out>
  </testcase>
  <testcase name="getFollowedByUserId_ValidUserId_ReturnsFollowedList" classname="com.mercadolibre.be_java_hisp_w31_g3.integration.UserControllerTest" time="0.005">
    <system-out><![CDATA[
MockHttpServletRequest:
      HTTP Method = POST
      Request URI = /users/39/follow/40
       Parameters = {}
          Headers = []
             Body = null
    Session Attrs = {}

Handler:
             Type = com.mercadolibre.be_java_hisp_w31_g3.controller.UserController
           Method = com.mercadolibre.be_java_hisp_w31_g3.controller.UserController#addFollower(Long, Long)

Async:
    Async started = false
     Async result = null

Resolved Exception:
             Type = null

ModelAndView:
        View name = null
             View = null
            Model = null

FlashMap:
       Attributes = null

MockHttpServletResponse:
           Status = 200
    Error message = null
          Headers = []
     Content type = null
             Body = 
    Forwarded URL = null
   Redirected URL = null
          Cookies = []

MockHttpServletRequest:
      HTTP Method = GET
      Request URI = /users/39/followed/list
       Parameters = {order=[name_asc]}
          Headers = []
             Body = null
    Session Attrs = {}

Handler:
             Type = com.mercadolibre.be_java_hisp_w31_g3.controller.UserController
           Method = com.mercadolibre.be_java_hisp_w31_g3.controller.UserController#getFollowedByUserId(Long, String)

Async:
    Async started = false
     Async result = null

Resolved Exception:
             Type = null

ModelAndView:
        View name = null
             View = null
            Model = null

FlashMap:
       Attributes = null

MockHttpServletResponse:
           Status = 200
    Error message = null
          Headers = [Content-Type:"application/json"]
     Content type = application/json
             Body = {"followed":[{"user_id":40,"user_name":"Garret"}],"user_id":39,"user_name":"Spencer"}
    Forwarded URL = null
   Redirected URL = null
          Cookies = []
]]></system-out>
  </testcase>
  <testcase name="getFollowedByUserId_ValidUserId_ReturnsFollowedListOrderedDesc" classname="com.mercadolibre.be_java_hisp_w31_g3.integration.UserControllerTest" time="0.006">
    <system-out><![CDATA[
MockHttpServletRequest:
      HTTP Method = POST
      Request URI = /users/42/follow/43
       Parameters = {}
          Headers = []
             Body = null
    Session Attrs = {}

Handler:
             Type = com.mercadolibre.be_java_hisp_w31_g3.controller.UserController
           Method = com.mercadolibre.be_java_hisp_w31_g3.controller.UserController#addFollower(Long, Long)

Async:
    Async started = false
     Async result = null

Resolved Exception:
             Type = null

ModelAndView:
        View name = null
             View = null
            Model = null

FlashMap:
       Attributes = null

MockHttpServletResponse:
           Status = 200
    Error message = null
          Headers = []
     Content type = null
             Body = 
    Forwarded URL = null
   Redirected URL = null
          Cookies = []

MockHttpServletRequest:
      HTTP Method = POST
      Request URI = /users/42/follow/44
       Parameters = {}
          Headers = []
             Body = null
    Session Attrs = {}

Handler:
             Type = com.mercadolibre.be_java_hisp_w31_g3.controller.UserController
           Method = com.mercadolibre.be_java_hisp_w31_g3.controller.UserController#addFollower(Long, Long)

Async:
    Async started = false
     Async result = null

Resolved Exception:
             Type = null

ModelAndView:
        View name = null
             View = null
            Model = null

FlashMap:
       Attributes = null

MockHttpServletResponse:
           Status = 200
    Error message = null
          Headers = []
     Content type = null
             Body = 
    Forwarded URL = null
   Redirected URL = null
          Cookies = []

MockHttpServletRequest:
      HTTP Method = GET
      Request URI = /users/42/followed/list
       Parameters = {order=[name_desc]}
          Headers = []
             Body = null
    Session Attrs = {}

Handler:
             Type = com.mercadolibre.be_java_hisp_w31_g3.controller.UserController
           Method = com.mercadolibre.be_java_hisp_w31_g3.controller.UserController#getFollowedByUserId(Long, String)

Async:
    Async started = false
     Async result = null

Resolved Exception:
             Type = null

ModelAndView:
        View name = null
             View = null
            Model = null

FlashMap:
       Attributes = null

MockHttpServletResponse:
           Status = 200
    Error message = null
          Headers = [Content-Type:"application/json"]
     Content type = application/json
             Body = {"followed":[{"user_id":43,"user_name":"Garret"},{"user_id":44,"user_name":"Camille"}],"user_id":42,"user_name":"Spencer"}
    Forwarded URL = null
   Redirected URL = null
          Cookies = []
]]></system-out>
  </testcase>
</testsuite>