<?xml version="1.0" encoding="UTF-8"?>
<testsuite xmlns:xsi="http://www.w3.org/2001/XMLSchema-instance" xsi:noNamespaceSchemaLocation="https://maven.apache.org/surefire/maven-surefire-plugin/xsd/surefire-test-report-3.0.xsd" version="3.0" name="com.mercadolibre.socialmeli.integration.ProductControllerIntegrationTest" time="0.136" tests="30" errors="0" skipped="0" failures="0">
  <properties>
[...]
</properties>
  <testcase name="getListOfPublicationsByUser_shouldIncludePostExactlyTwoWeeksAgo" classname="com.mercadolibre.socialmeli.integration.ProductControllerIntegrationTest" time="0.023">
    <system-out><![CDATA[2025-05-06T12:05:41.175-03:00  INFO 479 --- [           main] t.c.s.AnnotationConfigContextLoaderUtils : Could not detect default configuration classes for test class [com.mercadolibre.socialmeli.integration.ProductControllerIntegrationTest]: ProductControllerIntegrationTest does not declare any static, non-private, non-final, nested classes annotated with @Configuration.
2025-05-06T12:05:41.177-03:00  INFO 479 --- [           main] .b.t.c.SpringBootTestContextBootstrapper : Found @SpringBootConfiguration com.mercadolibre.socialmeli.SocialmeliApplication for test class com.mercadolibre.socialmeli.integration.ProductControllerIntegrationTest
[Post(postId=1, userId=2, date=2025-04-29, product=com.mercadolibre.socialmeli.model.Product@5f1f0ee6, category=100, price=1500.0, hasPromo=false, discount=0.0, valorations={}), Post(postId=2, userId=2, date=2025-05-01, product=com.mercadolibre.socialmeli.model.Product@3f64d943, category=100, price=1500.0, hasPromo=false, discount=0.0, valorations={}), Post(postId=3, userId=3, date=2025-05-03, product=com.mercadolibre.socialmeli.model.Product@105ffc58, category=100, price=1500.0, hasPromo=false, discount=0.0, valorations={}), Post(postId=4, userId=1, date=2025-04-29, product=com.mercadolibre.socialmeli.model.Product@68454ed5, category=100, price=1500.0, hasPromo=false, discount=0.0, valorations={1=5, 2=3})]
]]></system-out>
  </testcase>
  <testcase name="getValorationsByPost_shouldReturnTheAverageExpected" classname="com.mercadolibre.socialmeli.integration.ProductControllerIntegrationTest" time="0.003">
    <system-out><![CDATA[[Post(postId=1, userId=2, date=2025-04-29, product=com.mercadolibre.socialmeli.model.Product@420b55ed, category=100, price=1500.0, hasPromo=false, discount=0.0, valorations={}), Post(postId=2, userId=2, date=2025-05-01, product=com.mercadolibre.socialmeli.model.Product@f237ae7, category=100, price=1500.0, hasPromo=false, discount=0.0, valorations={}), Post(postId=3, userId=3, date=2025-05-03, product=com.mercadolibre.socialmeli.model.Product@42edde25, category=100, price=1500.0, hasPromo=false, discount=0.0, valorations={}), Post(postId=4, userId=1, date=2025-04-29, product=com.mercadolibre.socialmeli.model.Product@6fe5da76, category=100, price=1500.0, hasPromo=false, discount=0.0, valorations={1=5, 2=3})]
]]></system-out>
  </testcase>
  <testcase name="getAllValorationsByUser_shoulReturnNotFound" classname="com.mercadolibre.socialmeli.integration.ProductControllerIntegrationTest" time="0.002">
    <system-out><![CDATA[[Post(postId=1, userId=2, date=2025-04-29, product=com.mercadolibre.socialmeli.model.Product@283bb8b7, category=100, price=1500.0, hasPromo=false, discount=0.0, valorations={}), Post(postId=2, userId=2, date=2025-05-01, product=com.mercadolibre.socialmeli.model.Product@25e95af1, category=100, price=1500.0, hasPromo=false, discount=0.0, valorations={}), Post(postId=3, userId=3, date=2025-05-03, product=com.mercadolibre.socialmeli.model.Product@4fa8297b, category=100, price=1500.0, hasPromo=false, discount=0.0, valorations={}), Post(postId=4, userId=1, date=2025-04-29, product=com.mercadolibre.socialmeli.model.Product@6644bdf5, category=100, price=1500.0, hasPromo=false, discount=0.0, valorations={1=5, 2=3})]
]]></system-out>
  </testcase>
  <testcase name="createPost_shouldReturnErrorWhenPriceExceedsMaximum" classname="com.mercadolibre.socialmeli.integration.ProductControllerIntegrationTest" time="0.032">
    <system-out><![CDATA[[Post(postId=1, userId=2, date=2025-04-29, product=com.mercadolibre.socialmeli.model.Product@13cf5f8a, category=100, price=1500.0, hasPromo=false, discount=0.0, valorations={}), Post(postId=2, userId=2, date=2025-05-01, product=com.mercadolibre.socialmeli.model.Product@7c9ea1d0, category=100, price=1500.0, hasPromo=false, discount=0.0, valorations={}), Post(postId=3, userId=3, date=2025-05-03, product=com.mercadolibre.socialmeli.model.Product@72f3acc9, category=100, price=1500.0, hasPromo=false, discount=0.0, valorations={}), Post(postId=4, userId=1, date=2025-04-29, product=com.mercadolibre.socialmeli.model.Product@319b1c77, category=100, price=1500.0, hasPromo=false, discount=0.0, valorations={1=5, 2=3})]
]]></system-out>
  </testcase>
  <testcase name="createPost_shouldReturnErrorWhenNotesAreTooLong" classname="com.mercadolibre.socialmeli.integration.ProductControllerIntegrationTest" time="0.003">
    <system-out><![CDATA[[Post(postId=1, userId=2, date=2025-04-29, product=com.mercadolibre.socialmeli.model.Product@b76b7d8, category=100, price=1500.0, hasPromo=false, discount=0.0, valorations={}), Post(postId=2, userId=2, date=2025-05-01, product=com.mercadolibre.socialmeli.model.Product@1c135f63, category=100, price=1500.0, hasPromo=false, discount=0.0, valorations={}), Post(postId=3, userId=3, date=2025-05-03, product=com.mercadolibre.socialmeli.model.Product@63c4d16, category=100, price=1500.0, hasPromo=false, discount=0.0, valorations={}), Post(postId=4, userId=1, date=2025-04-29, product=com.mercadolibre.socialmeli.model.Product@29bd2796, category=100, price=1500.0, hasPromo=false, discount=0.0, valorations={1=5, 2=3})]
]]></system-out>
  </testcase>
  <testcase name="getAllValorationsByUser_ShouldReturnEmptyValorations" classname="com.mercadolibre.socialmeli.integration.ProductControllerIntegrationTest" time="0.007">
    <system-out><![CDATA[[Post(postId=1, userId=2, date=2025-04-29, product=com.mercadolibre.socialmeli.model.Product@4e647f39, category=100, price=1500.0, hasPromo=false, discount=0.0, valorations={}), Post(postId=2, userId=2, date=2025-05-01, product=com.mercadolibre.socialmeli.model.Product@778197c0, category=100, price=1500.0, hasPromo=false, discount=0.0, valorations={}), Post(postId=3, userId=3, date=2025-05-03, product=com.mercadolibre.socialmeli.model.Product@1c2cdc67, category=100, price=1500.0, hasPromo=false, discount=0.0, valorations={}), Post(postId=4, userId=1, date=2025-04-29, product=com.mercadolibre.socialmeli.model.Product@4c28f97e, category=100, price=1500.0, hasPromo=false, discount=0.0, valorations={1=5, 2=3})]

MockHttpServletRequest:
      HTTP Method = GET
      Request URI = /products/3/user/valorations
       Parameters = {}
          Headers = []
             Body = null
    Session Attrs = {}

Handler:
             Type = com.mercadolibre.socialmeli.controller.ProductController
           Method = com.mercadolibre.socialmeli.controller.ProductController#getAllValorationsByUser(Integer)

Async:
    Async started = false
     Async result = null

Resolved Exception:
             Type = null

ModelAndView:
        View name = null
             View = null
            Model = null

FlashMap:
       Attributes = null

MockHttpServletResponse:
           Status = 200
    Error message = null
          Headers = [Content-Type:"application/json"]
     Content type = application/json
             Body = []
    Forwarded URL = null
   Redirected URL = null
          Cookies = []
]]></system-out>
  </testcase>
  <testcase name="getQuantityOfProduct_shouldReturnCountOfPromoPost" classname="com.mercadolibre.socialmeli.integration.ProductControllerIntegrationTest" time="0.003">
    <system-out><![CDATA[[Post(postId=1, userId=2, date=2025-04-29, product=com.mercadolibre.socialmeli.model.Product@19739906, category=100, price=1500.0, hasPromo=false, discount=0.0, valorations={}), Post(postId=2, userId=2, date=2025-05-01, product=com.mercadolibre.socialmeli.model.Product@65503a26, category=100, price=1500.0, hasPromo=false, discount=0.0, valorations={}), Post(postId=3, userId=3, date=2025-05-03, product=com.mercadolibre.socialmeli.model.Product@13aa54f1, category=100, price=1500.0, hasPromo=false, discount=0.0, valorations={}), Post(postId=4, userId=1, date=2025-04-29, product=com.mercadolibre.socialmeli.model.Product@26d7cb0d, category=100, price=1500.0, hasPromo=false, discount=0.0, valorations={1=5, 2=3})]
]]></system-out>
  </testcase>
  <testcase name="postValoration_withInvalidValoration_shouldReturnBadRequest" classname="com.mercadolibre.socialmeli.integration.ProductControllerIntegrationTest" time="0.002">
    <system-out><![CDATA[[Post(postId=1, userId=2, date=2025-04-29, product=com.mercadolibre.socialmeli.model.Product@6408be5, category=100, price=1500.0, hasPromo=false, discount=0.0, valorations={}), Post(postId=2, userId=2, date=2025-05-01, product=com.mercadolibre.socialmeli.model.Product@1e57b783, category=100, price=1500.0, hasPromo=false, discount=0.0, valorations={}), Post(postId=3, userId=3, date=2025-05-03, product=com.mercadolibre.socialmeli.model.Product@73b8ab2c, category=100, price=1500.0, hasPromo=false, discount=0.0, valorations={}), Post(postId=4, userId=1, date=2025-04-29, product=com.mercadolibre.socialmeli.model.Product@5600a278, category=100, price=1500.0, hasPromo=false, discount=0.0, valorations={1=5, 2=3})]
]]></system-out>
  </testcase>
  <testcase name="createPost_shouldReturnErrorWhenProductIdIsNull" classname="com.mercadolibre.socialmeli.integration.ProductControllerIntegrationTest" time="0.002">
    <system-out><![CDATA[[Post(postId=1, userId=2, date=2025-04-29, product=com.mercadolibre.socialmeli.model.Product@549d14fe, category=100, price=1500.0, hasPromo=false, discount=0.0, valorations={}), Post(postId=2, userId=2, date=2025-05-01, product=com.mercadolibre.socialmeli.model.Product@77d54a41, category=100, price=1500.0, hasPromo=false, discount=0.0, valorations={}), Post(postId=3, userId=3, date=2025-05-03, product=com.mercadolibre.socialmeli.model.Product@41026e5c, category=100, price=1500.0, hasPromo=false, discount=0.0, valorations={}), Post(postId=4, userId=1, date=2025-04-29, product=com.mercadolibre.socialmeli.model.Product@12421766, category=100, price=1500.0, hasPromo=false, discount=0.0, valorations={1=5, 2=3})]

MockHttpServletRequest:
      HTTP Method = POST
      Request URI = /products/post
       Parameters = {}
          Headers = [Content-Type:"application/json;charset=UTF-8", Content-Length:"290"]
             Body = {
  "post_id" : null,
  "user_id" : 1,
  "date" : "06-05-2025",
  "product" : {
    "product_id" : null,
    "product_name" : "ValidName",
    "type" : "ValidType",
    "brand" : "ValidBrand",
    "color" : "ValidColor",
    "notes" : "ValidNotes"
  },
  "category" : 1,
  "price" : 500.0
}
    Session Attrs = {}

Handler:
             Type = com.mercadolibre.socialmeli.controller.ProductController
           Method = com.mercadolibre.socialmeli.controller.ProductController#createPost(PostDto)

Async:
    Async started = false
     Async result = null

Resolved Exception:
             Type = org.springframework.web.bind.MethodArgumentNotValidException

ModelAndView:
        View name = null
             View = null
            Model = null

FlashMap:
       Attributes = null

MockHttpServletResponse:
           Status = 400
    Error message = null
          Headers = [Content-Type:"application/json"]
     Content type = application/json
             Body = {"message":"La id no puede estar vacía"}
    Forwarded URL = null
   Redirected URL = null
          Cookies = []
]]></system-out>
  </testcase>
  <testcase name="createPost_shouldReturnErrorWhenColorHasSpecialCharacters" classname="com.mercadolibre.socialmeli.integration.ProductControllerIntegrationTest" time="0.003">
    <system-out><![CDATA[[Post(postId=1, userId=2, date=2025-04-29, product=com.mercadolibre.socialmeli.model.Product@213ceb4e, category=100, price=1500.0, hasPromo=false, discount=0.0, valorations={}), Post(postId=2, userId=2, date=2025-05-01, product=com.mercadolibre.socialmeli.model.Product@23c72128, category=100, price=1500.0, hasPromo=false, discount=0.0, valorations={}), Post(postId=3, userId=3, date=2025-05-03, product=com.mercadolibre.socialmeli.model.Product@2bd2430f, category=100, price=1500.0, hasPromo=false, discount=0.0, valorations={}), Post(postId=4, userId=1, date=2025-04-29, product=com.mercadolibre.socialmeli.model.Product@2890e479, category=100, price=1500.0, hasPromo=false, discount=0.0, valorations={1=5, 2=3})]
]]></system-out>
  </testcase>
  <testcase name="createPost_shouldReturnErrorWhenBrandHasSpecialCharacters" classname="com.mercadolibre.socialmeli.integration.ProductControllerIntegrationTest" time="0.002">
    <system-out><![CDATA[[Post(postId=1, userId=2, date=2025-04-29, product=com.mercadolibre.socialmeli.model.Product@2a984952, category=100, price=1500.0, hasPromo=false, discount=0.0, valorations={}), Post(postId=2, userId=2, date=2025-05-01, product=com.mercadolibre.socialmeli.model.Product@16944b58, category=100, price=1500.0, hasPromo=false, discount=0.0, valorations={}), Post(postId=3, userId=3, date=2025-05-03, product=com.mercadolibre.socialmeli.model.Product@1dbc607d, category=100, price=1500.0, hasPromo=false, discount=0.0, valorations={}), Post(postId=4, userId=1, date=2025-04-29, product=com.mercadolibre.socialmeli.model.Product@62b42406, category=100, price=1500.0, hasPromo=false, discount=0.0, valorations={1=5, 2=3})]
]]></system-out>
  </testcase>
  <testcase name="createPost_shouldReturnErrorWhenPriceIsNegative" classname="com.mercadolibre.socialmeli.integration.ProductControllerIntegrationTest" time="0.002">
    <system-out><![CDATA[[Post(postId=1, userId=2, date=2025-04-29, product=com.mercadolibre.socialmeli.model.Product@362cf66, category=100, price=1500.0, hasPromo=false, discount=0.0, valorations={}), Post(postId=2, userId=2, date=2025-05-01, product=com.mercadolibre.socialmeli.model.Product@7809b43a, category=100, price=1500.0, hasPromo=false, discount=0.0, valorations={}), Post(postId=3, userId=3, date=2025-05-03, product=com.mercadolibre.socialmeli.model.Product@65da4a5d, category=100, price=1500.0, hasPromo=false, discount=0.0, valorations={}), Post(postId=4, userId=1, date=2025-04-29, product=com.mercadolibre.socialmeli.model.Product@fbe8fd3, category=100, price=1500.0, hasPromo=false, discount=0.0, valorations={1=5, 2=3})]
]]></system-out>
  </testcase>
  <testcase name="getAllValorationsByUser_ShouldReturnOnlyMatchingValorations" classname="com.mercadolibre.socialmeli.integration.ProductControllerIntegrationTest" time="0.002">
    <system-out><![CDATA[[Post(postId=1, userId=2, date=2025-04-29, product=com.mercadolibre.socialmeli.model.Product@632b5c79, category=100, price=1500.0, hasPromo=false, discount=0.0, valorations={}), Post(postId=2, userId=2, date=2025-05-01, product=com.mercadolibre.socialmeli.model.Product@6a552721, category=100, price=1500.0, hasPromo=false, discount=0.0, valorations={}), Post(postId=3, userId=3, date=2025-05-03, product=com.mercadolibre.socialmeli.model.Product@3815a7d1, category=100, price=1500.0, hasPromo=false, discount=0.0, valorations={}), Post(postId=4, userId=1, date=2025-04-29, product=com.mercadolibre.socialmeli.model.Product@24dc150c, category=100, price=1500.0, hasPromo=false, discount=0.0, valorations={1=5, 2=3})]

MockHttpServletRequest:
      HTTP Method = GET
      Request URI = /products/1/user/valorations
       Parameters = {}
          Headers = []
             Body = null
    Session Attrs = {}

Handler:
             Type = com.mercadolibre.socialmeli.controller.ProductController
           Method = com.mercadolibre.socialmeli.controller.ProductController#getAllValorationsByUser(Integer)

Async:
    Async started = false
     Async result = null

Resolved Exception:
             Type = null

ModelAndView:
        View name = null
             View = null
            Model = null

FlashMap:
       Attributes = null

MockHttpServletResponse:
           Status = 200
    Error message = null
          Headers = [Content-Type:"application/json"]
     Content type = application/json
             Body = [{"user_id":1,"post_id":4,"valoration":5}]
    Forwarded URL = null
   Redirected URL = null
          Cookies = []
]]></system-out>
  </testcase>
  <testcase name="getPromotionalProductsFromSellers_UserNotFound" classname="com.mercadolibre.socialmeli.integration.ProductControllerIntegrationTest" time="0.002">
    <system-out><![CDATA[[Post(postId=1, userId=2, date=2025-04-29, product=com.mercadolibre.socialmeli.model.Product@1d2d4d7a, category=100, price=1500.0, hasPromo=false, discount=0.0, valorations={}), Post(postId=2, userId=2, date=2025-05-01, product=com.mercadolibre.socialmeli.model.Product@5e020dd1, category=100, price=1500.0, hasPromo=false, discount=0.0, valorations={}), Post(postId=3, userId=3, date=2025-05-03, product=com.mercadolibre.socialmeli.model.Product@4bbc02ef, category=100, price=1500.0, hasPromo=false, discount=0.0, valorations={}), Post(postId=4, userId=1, date=2025-04-29, product=com.mercadolibre.socialmeli.model.Product@f0c1ae1, category=100, price=1500.0, hasPromo=false, discount=0.0, valorations={1=5, 2=3})]
]]></system-out>
  </testcase>
  <testcase name="getListOfPublicationsByUser_shouldReturn404WhenNoPosts" classname="com.mercadolibre.socialmeli.integration.ProductControllerIntegrationTest" time="0.002">
    <system-out><![CDATA[[Post(postId=1, userId=2, date=2025-04-29, product=com.mercadolibre.socialmeli.model.Product@1d9ff1e2, category=100, price=1500.0, hasPromo=false, discount=0.0, valorations={}), Post(postId=2, userId=2, date=2025-05-01, product=com.mercadolibre.socialmeli.model.Product@722b3ba2, category=100, price=1500.0, hasPromo=false, discount=0.0, valorations={}), Post(postId=3, userId=3, date=2025-05-03, product=com.mercadolibre.socialmeli.model.Product@6487f7f8, category=100, price=1500.0, hasPromo=false, discount=0.0, valorations={}), Post(postId=4, userId=1, date=2025-04-29, product=com.mercadolibre.socialmeli.model.Product@2b62475a, category=100, price=1500.0, hasPromo=false, discount=0.0, valorations={1=5, 2=3})]

MockHttpServletRequest:
      HTTP Method = GET
      Request URI = /products/followed/1/list
       Parameters = {order=[date_desc]}
          Headers = []
             Body = null
    Session Attrs = {}

Handler:
             Type = com.mercadolibre.socialmeli.controller.ProductController
           Method = com.mercadolibre.socialmeli.controller.ProductController#getListOfPublicationsByUser(Integer, String)

Async:
    Async started = false
     Async result = null

Resolved Exception:
             Type = com.mercadolibre.socialmeli.exception.NotFoundException

ModelAndView:
        View name = null
             View = null
            Model = null

FlashMap:
       Attributes = null

MockHttpServletResponse:
           Status = 404
    Error message = null
          Headers = [Content-Type:"application/json"]
     Content type = application/json
             Body = {"message":"No hay publicaciones de quienes sigues."}
    Forwarded URL = null
   Redirected URL = null
          Cookies = []
]]></system-out>
  </testcase>
  <testcase name="getValorationsByPost_withValorationNumberParam_shouldReturnOnlyMatches" classname="com.mercadolibre.socialmeli.integration.ProductControllerIntegrationTest" time="0.002">
    <system-out><![CDATA[[Post(postId=1, userId=2, date=2025-04-29, product=com.mercadolibre.socialmeli.model.Product@4c8abec7, category=100, price=1500.0, hasPromo=false, discount=0.0, valorations={}), Post(postId=2, userId=2, date=2025-05-01, product=com.mercadolibre.socialmeli.model.Product@45f241df, category=100, price=1500.0, hasPromo=false, discount=0.0, valorations={}), Post(postId=3, userId=3, date=2025-05-03, product=com.mercadolibre.socialmeli.model.Product@f36f34d, category=100, price=1500.0, hasPromo=false, discount=0.0, valorations={}), Post(postId=4, userId=1, date=2025-04-29, product=com.mercadolibre.socialmeli.model.Product@72e36677, category=100, price=1500.0, hasPromo=false, discount=0.0, valorations={1=5, 2=3})]
]]></system-out>
  </testcase>
  <testcase name="getListOfPublicationsByUser_shouldReturn400WhenUserNotFound" classname="com.mercadolibre.socialmeli.integration.ProductControllerIntegrationTest" time="0.002">
    <system-out><![CDATA[[Post(postId=1, userId=2, date=2025-04-29, product=com.mercadolibre.socialmeli.model.Product@4b9fa2f, category=100, price=1500.0, hasPromo=false, discount=0.0, valorations={}), Post(postId=2, userId=2, date=2025-05-01, product=com.mercadolibre.socialmeli.model.Product@6d80e411, category=100, price=1500.0, hasPromo=false, discount=0.0, valorations={}), Post(postId=3, userId=3, date=2025-05-03, product=com.mercadolibre.socialmeli.model.Product@32caae19, category=100, price=1500.0, hasPromo=false, discount=0.0, valorations={}), Post(postId=4, userId=1, date=2025-04-29, product=com.mercadolibre.socialmeli.model.Product@60e67c06, category=100, price=1500.0, hasPromo=false, discount=0.0, valorations={1=5, 2=3})]

MockHttpServletRequest:
      HTTP Method = GET
      Request URI = /products/followed/2147483647/list
       Parameters = {order=[date_desc]}
          Headers = []
             Body = null
    Session Attrs = {}

Handler:
             Type = com.mercadolibre.socialmeli.controller.ProductController
           Method = com.mercadolibre.socialmeli.controller.ProductController#getListOfPublicationsByUser(Integer, String)

Async:
    Async started = false
     Async result = null

Resolved Exception:
             Type = com.mercadolibre.socialmeli.exception.BadRequestException

ModelAndView:
        View name = null
             View = null
            Model = null

FlashMap:
       Attributes = null

MockHttpServletResponse:
           Status = 400
    Error message = null
          Headers = [Content-Type:"application/json"]
     Content type = application/json
             Body = {"message":"Usuario no encontrado."}
    Forwarded URL = null
   Redirected URL = null
          Cookies = []
]]></system-out>
  </testcase>
  <testcase name="createPost_shouldCreateSuccessfullyWithValidData" classname="com.mercadolibre.socialmeli.integration.ProductControllerIntegrationTest" time="0.002">
    <system-out><![CDATA[[Post(postId=1, userId=2, date=2025-04-29, product=com.mercadolibre.socialmeli.model.Product@265287ec, category=100, price=1500.0, hasPromo=false, discount=0.0, valorations={}), Post(postId=2, userId=2, date=2025-05-01, product=com.mercadolibre.socialmeli.model.Product@7507d96c, category=100, price=1500.0, hasPromo=false, discount=0.0, valorations={}), Post(postId=3, userId=3, date=2025-05-03, product=com.mercadolibre.socialmeli.model.Product@7210f559, category=100, price=1500.0, hasPromo=false, discount=0.0, valorations={}), Post(postId=4, userId=1, date=2025-04-29, product=com.mercadolibre.socialmeli.model.Product@49b9ba6a, category=100, price=1500.0, hasPromo=false, discount=0.0, valorations={1=5, 2=3})]
]]></system-out>
  </testcase>
  <testcase name="createPost_shouldReturnErrorWhenProductNameHasSpecialCharacters" classname="com.mercadolibre.socialmeli.integration.ProductControllerIntegrationTest" time="0.004">
    <system-out><![CDATA[[Post(postId=1, userId=2, date=2025-04-29, product=com.mercadolibre.socialmeli.model.Product@41404aa2, category=100, price=1500.0, hasPromo=false, discount=0.0, valorations={}), Post(postId=2, userId=2, date=2025-05-01, product=com.mercadolibre.socialmeli.model.Product@b267745, category=100, price=1500.0, hasPromo=false, discount=0.0, valorations={}), Post(postId=3, userId=3, date=2025-05-03, product=com.mercadolibre.socialmeli.model.Product@31e22365, category=100, price=1500.0, hasPromo=false, discount=0.0, valorations={}), Post(postId=4, userId=1, date=2025-04-29, product=com.mercadolibre.socialmeli.model.Product@2ebf524, category=100, price=1500.0, hasPromo=false, discount=0.0, valorations={1=5, 2=3})]
{
  "post_id" : null,
  "user_id" : 1,
  "date" : "06-05-2025",
  "product" : {
    "product_id" : 1,
    "product_name" : "Invalid@Name",
    "type" : "ValidType",
    "brand" : "ValidBrand",
    "color" : "ValidColor",
    "notes" : "ValidNotes"
  },
  "category" : 1,
  "price" : 500.0
}
]]></system-out>
  </testcase>
  <testcase name="createPost_shouldReturnErrorWhenTypeIsTooLong" classname="com.mercadolibre.socialmeli.integration.ProductControllerIntegrationTest" time="0.002">
    <system-out><![CDATA[[Post(postId=1, userId=2, date=2025-04-29, product=com.mercadolibre.socialmeli.model.Product@5724c7da, category=100, price=1500.0, hasPromo=false, discount=0.0, valorations={}), Post(postId=2, userId=2, date=2025-05-01, product=com.mercadolibre.socialmeli.model.Product@3ad2883a, category=100, price=1500.0, hasPromo=false, discount=0.0, valorations={}), Post(postId=3, userId=3, date=2025-05-03, product=com.mercadolibre.socialmeli.model.Product@5814b4fb, category=100, price=1500.0, hasPromo=false, discount=0.0, valorations={}), Post(postId=4, userId=1, date=2025-04-29, product=com.mercadolibre.socialmeli.model.Product@3aca2579, category=100, price=1500.0, hasPromo=false, discount=0.0, valorations={1=5, 2=3})]
]]></system-out>
  </testcase>
  <testcase name="getListOfPublicationsByUser_shouldSortAscOrder" classname="com.mercadolibre.socialmeli.integration.ProductControllerIntegrationTest" time="0.005">
    <system-out><![CDATA[[Post(postId=1, userId=2, date=2025-04-29, product=com.mercadolibre.socialmeli.model.Product@73d83141, category=100, price=1500.0, hasPromo=false, discount=0.0, valorations={}), Post(postId=2, userId=2, date=2025-05-01, product=com.mercadolibre.socialmeli.model.Product@31443680, category=100, price=1500.0, hasPromo=false, discount=0.0, valorations={}), Post(postId=3, userId=3, date=2025-05-03, product=com.mercadolibre.socialmeli.model.Product@33356666, category=100, price=1500.0, hasPromo=false, discount=0.0, valorations={}), Post(postId=4, userId=1, date=2025-04-29, product=com.mercadolibre.socialmeli.model.Product@3a988299, category=100, price=1500.0, hasPromo=false, discount=0.0, valorations={1=5, 2=3})]
]]></system-out>
  </testcase>
  <testcase name="getQuantityOfProduct_withoutPromo_shouldContainCountCero" classname="com.mercadolibre.socialmeli.integration.ProductControllerIntegrationTest" time="0.001">
    <system-out><![CDATA[[Post(postId=1, userId=2, date=2025-04-29, product=com.mercadolibre.socialmeli.model.Product@63d3c9dc, category=100, price=1500.0, hasPromo=false, discount=0.0, valorations={}), Post(postId=2, userId=2, date=2025-05-01, product=com.mercadolibre.socialmeli.model.Product@3a1a0bc, category=100, price=1500.0, hasPromo=false, discount=0.0, valorations={}), Post(postId=3, userId=3, date=2025-05-03, product=com.mercadolibre.socialmeli.model.Product@35d114f4, category=100, price=1500.0, hasPromo=false, discount=0.0, valorations={}), Post(postId=4, userId=1, date=2025-04-29, product=com.mercadolibre.socialmeli.model.Product@3684d2c0, category=100, price=1500.0, hasPromo=false, discount=0.0, valorations={1=5, 2=3})]
]]></system-out>
  </testcase>
  <testcase name="postValoration_withValidData_shouldReturnStatusOk" classname="com.mercadolibre.socialmeli.integration.ProductControllerIntegrationTest" time="0.001">
    <system-out><![CDATA[[Post(postId=1, userId=2, date=2025-04-29, product=com.mercadolibre.socialmeli.model.Product@4be460e5, category=100, price=1500.0, hasPromo=false, discount=0.0, valorations={}), Post(postId=2, userId=2, date=2025-05-01, product=com.mercadolibre.socialmeli.model.Product@454e9d65, category=100, price=1500.0, hasPromo=false, discount=0.0, valorations={}), Post(postId=3, userId=3, date=2025-05-03, product=com.mercadolibre.socialmeli.model.Product@7805478c, category=100, price=1500.0, hasPromo=false, discount=0.0, valorations={}), Post(postId=4, userId=1, date=2025-04-29, product=com.mercadolibre.socialmeli.model.Product@6807989e, category=100, price=1500.0, hasPromo=false, discount=0.0, valorations={1=5, 2=3})]
]]></system-out>
  </testcase>
  <testcase name="getPromotionalProductsFromSellersIntegration" classname="com.mercadolibre.socialmeli.integration.ProductControllerIntegrationTest" time="0.001">
    <system-out><![CDATA[[Post(postId=1, userId=2, date=2025-04-29, product=com.mercadolibre.socialmeli.model.Product@c2e33, category=100, price=1500.0, hasPromo=false, discount=0.0, valorations={}), Post(postId=2, userId=2, date=2025-05-01, product=com.mercadolibre.socialmeli.model.Product@31183ee2, category=100, price=1500.0, hasPromo=false, discount=0.0, valorations={}), Post(postId=3, userId=3, date=2025-05-03, product=com.mercadolibre.socialmeli.model.Product@63f3366a, category=100, price=1500.0, hasPromo=false, discount=0.0, valorations={}), Post(postId=4, userId=1, date=2025-04-29, product=com.mercadolibre.socialmeli.model.Product@37e491e2, category=100, price=1500.0, hasPromo=false, discount=0.0, valorations={1=5, 2=3})]
]]></system-out>
  </testcase>
  <testcase name="createPost_shouldReturnErrorWhenProductIdIsNegative" classname="com.mercadolibre.socialmeli.integration.ProductControllerIntegrationTest" time="0.001">
    <system-out><![CDATA[[Post(postId=1, userId=2, date=2025-04-29, product=com.mercadolibre.socialmeli.model.Product@5bad555b, category=100, price=1500.0, hasPromo=false, discount=0.0, valorations={}), Post(postId=2, userId=2, date=2025-05-01, product=com.mercadolibre.socialmeli.model.Product@41ec4271, category=100, price=1500.0, hasPromo=false, discount=0.0, valorations={}), Post(postId=3, userId=3, date=2025-05-03, product=com.mercadolibre.socialmeli.model.Product@70aa58e1, category=100, price=1500.0, hasPromo=false, discount=0.0, valorations={}), Post(postId=4, userId=1, date=2025-04-29, product=com.mercadolibre.socialmeli.model.Product@154f8280, category=100, price=1500.0, hasPromo=false, discount=0.0, valorations={1=5, 2=3})]
]]></system-out>
  </testcase>
  <testcase name="createPost_shouldReturnErrorWhenPriceIsNull" classname="com.mercadolibre.socialmeli.integration.ProductControllerIntegrationTest" time="0.001">
    <system-out><![CDATA[[Post(postId=1, userId=2, date=2025-04-29, product=com.mercadolibre.socialmeli.model.Product@25ea068e, category=100, price=1500.0, hasPromo=false, discount=0.0, valorations={}), Post(postId=2, userId=2, date=2025-05-01, product=com.mercadolibre.socialmeli.model.Product@4cd8db31, category=100, price=1500.0, hasPromo=false, discount=0.0, valorations={}), Post(postId=3, userId=3, date=2025-05-03, product=com.mercadolibre.socialmeli.model.Product@201a8ea7, category=100, price=1500.0, hasPromo=false, discount=0.0, valorations={}), Post(postId=4, userId=1, date=2025-04-29, product=com.mercadolibre.socialmeli.model.Product@ecf028c, category=100, price=1500.0, hasPromo=false, discount=0.0, valorations={1=5, 2=3})]
]]></system-out>
  </testcase>
  <testcase name="getValorationsByPost_withNoMatches_shouldReturnEmptyList" classname="com.mercadolibre.socialmeli.integration.ProductControllerIntegrationTest" time="0.001">
    <system-out><![CDATA[[Post(postId=1, userId=2, date=2025-04-29, product=com.mercadolibre.socialmeli.model.Product@574218f, category=100, price=1500.0, hasPromo=false, discount=0.0, valorations={}), Post(postId=2, userId=2, date=2025-05-01, product=com.mercadolibre.socialmeli.model.Product@735988cf, category=100, price=1500.0, hasPromo=false, discount=0.0, valorations={}), Post(postId=3, userId=3, date=2025-05-03, product=com.mercadolibre.socialmeli.model.Product@2d3eecda, category=100, price=1500.0, hasPromo=false, discount=0.0, valorations={}), Post(postId=4, userId=1, date=2025-04-29, product=com.mercadolibre.socialmeli.model.Product@236a4d30, category=100, price=1500.0, hasPromo=false, discount=0.0, valorations={1=5, 2=3})]
]]></system-out>
  </testcase>
  <testcase name="getListOfPublicationsByUser_shouldSortDescOrder" classname="com.mercadolibre.socialmeli.integration.ProductControllerIntegrationTest" time="0.004">
    <system-out><![CDATA[[Post(postId=1, userId=2, date=2025-04-29, product=com.mercadolibre.socialmeli.model.Product@736788b, category=100, price=1500.0, hasPromo=false, discount=0.0, valorations={}), Post(postId=2, userId=2, date=2025-05-01, product=com.mercadolibre.socialmeli.model.Product@38968752, category=100, price=1500.0, hasPromo=false, discount=0.0, valorations={}), Post(postId=3, userId=3, date=2025-05-03, product=com.mercadolibre.socialmeli.model.Product@6294e4a6, category=100, price=1500.0, hasPromo=false, discount=0.0, valorations={}), Post(postId=4, userId=1, date=2025-04-29, product=com.mercadolibre.socialmeli.model.Product@13662609, category=100, price=1500.0, hasPromo=false, discount=0.0, valorations={1=5, 2=3})]
]]></system-out>
  </testcase>
  <testcase name="getQuantityOfProduct_withFalseUserId_shouldReturn400BadRequest" classname="com.mercadolibre.socialmeli.integration.ProductControllerIntegrationTest" time="0.002">
    <system-out><![CDATA[[Post(postId=1, userId=2, date=2025-04-29, product=com.mercadolibre.socialmeli.model.Product@2b80497f, category=100, price=1500.0, hasPromo=false, discount=0.0, valorations={}), Post(postId=2, userId=2, date=2025-05-01, product=com.mercadolibre.socialmeli.model.Product@6ef4297d, category=100, price=1500.0, hasPromo=false, discount=0.0, valorations={}), Post(postId=3, userId=3, date=2025-05-03, product=com.mercadolibre.socialmeli.model.Product@4c000cc4, category=100, price=1500.0, hasPromo=false, discount=0.0, valorations={}), Post(postId=4, userId=1, date=2025-04-29, product=com.mercadolibre.socialmeli.model.Product@6c36051c, category=100, price=1500.0, hasPromo=false, discount=0.0, valorations={1=5, 2=3})]
]]></system-out>
  </testcase>
  <testcase name="getValorationsByPost_withIdInexistent_shoulReturnNotFound" classname="com.mercadolibre.socialmeli.integration.ProductControllerIntegrationTest" time="0.002">
    <system-out><![CDATA[[Post(postId=1, userId=2, date=2025-04-29, product=com.mercadolibre.socialmeli.model.Product@45d46254, category=100, price=1500.0, hasPromo=false, discount=0.0, valorations={}), Post(postId=2, userId=2, date=2025-05-01, product=com.mercadolibre.socialmeli.model.Product@a240452, category=100, price=1500.0, hasPromo=false, discount=0.0, valorations={}), Post(postId=3, userId=3, date=2025-05-03, product=com.mercadolibre.socialmeli.model.Product@460e5ffe, category=100, price=1500.0, hasPromo=false, discount=0.0, valorations={}), Post(postId=4, userId=1, date=2025-04-29, product=com.mercadolibre.socialmeli.model.Product@1a4cbcc6, category=100, price=1500.0, hasPromo=false, discount=0.0, valorations={1=5, 2=3})]
]]></system-out>
  </testcase>
</testsuite>