<?xml version="1.0" encoding="UTF-8"?>
<testsuite xmlns:xsi="http://www.w3.org/2001/XMLSchema-instance" xsi:noNamespaceSchemaLocation="https://maven.apache.org/surefire/maven-surefire-plugin/xsd/surefire-test-report.xsd" version="3.0.2" name="com.mercadolibre.socialmeli.service.ProductServiceTest" time="0.248" tests="28" errors="1" skipped="0" failures="0">
  <properties>
[...]
</properties>
  <testcase name="getRecentSellerPostsForUser_NullUserId_ThrowsNotFoundException" classname="com.mercadolibre.socialmeli.service.ProductServiceTest" time="0.004">
    <system-out><![CDATA[2025-05-14T16:54:27.546-03:00  INFO 15614 --- [be_java_hisp_w31_g06] [           main] t.c.s.AnnotationConfigContextLoaderUtils : Could not detect default configuration classes for test class [com.mercadolibre.socialmeli.service.ProductServiceTest]: ProductServiceTest does not declare any static, non-private, non-final, nested classes annotated with @Configuration.
2025-05-14T16:54:27.553-03:00  INFO 15614 --- [be_java_hisp_w31_g06] [           main] .b.t.c.SpringBootTestContextBootstrapper : Found @SpringBootConfiguration com.mercadolibre.socialmeli.BeJavaHispW31G06Application for test class com.mercadolibre.socialmeli.service.ProductServiceTest
]]></system-out>
  </testcase>
  <testcase name="testGetAll_NoProducts" classname="com.mercadolibre.socialmeli.service.ProductServiceTest" time="0.002"/>
  <testcase name="getRecentSellerPostsForUser_shouldReturnRecentPostsOrdered_WhenValidUserIdAndOrder" classname="com.mercadolibre.socialmeli.service.ProductServiceTest" time="0.007"/>
  <testcase name="getSellerPostsForUserByKeyword_ShouldThrowNotFoundException_WhenKeywordDoesNotExist" classname="com.mercadolibre.socialmeli.service.ProductServiceTest" time="0.003"/>
  <testcase name="getSellerPostsForUserByCategory_shouldThrowBadRequest_WhenCategoryIsZero" classname="com.mercadolibre.socialmeli.service.ProductServiceTest" time="0.001"/>
  <testcase name="testGetPromosBySeller_WithPromos" classname="com.mercadolibre.socialmeli.service.ProductServiceTest" time="0.003"/>
  <testcase name="getRecentSellerPostsForUser_shouldReturn_NotFoundException" classname="com.mercadolibre.socialmeli.service.ProductServiceTest" time="0.002"/>
  <testcase name="getRecentSellerPostsForUser_shouldReturnPostsInDescendingOrder_whenOrderIsDescending" classname="com.mercadolibre.socialmeli.service.ProductServiceTest" time="0.004"/>
  <testcase name="getRecentSellerPostsForUser_InvalidOrder_ThrowsBadRequestException" classname="com.mercadolibre.socialmeli.service.ProductServiceTest" time="0.002"/>
  <testcase name="testCreatePost_ProductAlreadyExists_ThrowsConflictException" classname="com.mercadolibre.socialmeli.service.ProductServiceTest" time="0.004"/>
  <testcase name="getRecentSellerPostsForUser_BadOrder_ThrowsBadRequestException" classname="com.mercadolibre.socialmeli.service.ProductServiceTest" time="0.002"/>
  <testcase name="getSellerPostsForUserByKeyword_ShouldThrowNotFoundException_WhenUserDoesNotFollowAnySeller" classname="com.mercadolibre.socialmeli.service.ProductServiceTest" time="0.001"/>
  <testcase name="getSellerPostsForUserByCategory_shouldThrowNotFound_WhenNoPostsFound" classname="com.mercadolibre.socialmeli.service.ProductServiceTest" time="0.002"/>
  <testcase name="testGetAll_GetProducts" classname="com.mercadolibre.socialmeli.service.ProductServiceTest" time="0.003"/>
  <testcase name="testCreatePost_UserNotFound_ThrowsNotFoundException" classname="com.mercadolibre.socialmeli.service.ProductServiceTest" time="0.003"/>
  <testcase name="testGetPromoPostCount_NoPosts" classname="com.mercadolibre.socialmeli.service.ProductServiceTest" time="0.002"/>
  <testcase name="getSellerPostsForUserByCategory_shouldReturnPosts_WhenUserIdAndCategoryValid" classname="com.mercadolibre.socialmeli.service.ProductServiceTest" time="0.003"/>
  <testcase name="testGetPromoPostCount_UserNotFound" classname="com.mercadolibre.socialmeli.service.ProductServiceTest" time="0.002"/>
  <testcase name="getSellerPostsForUserByKeyword_ShouldReturnSellerPostsFromFollowedSellersInLastTwoWeeksContainingKeyword_WhenGivenValidUserAndKeyword" classname="com.mercadolibre.socialmeli.service.ProductServiceTest" time="0.003"/>
  <testcase name="testGetAllPromos_shouldReturnNotFoundException_whenPromosNotExist" classname="com.mercadolibre.socialmeli.service.ProductServiceTest" time="0.001"/>
  <testcase name="testGetPromoPostCount_WithPromoPosts" classname="com.mercadolibre.socialmeli.service.ProductServiceTest" time="0.001"/>
  <testcase name="getRecentSellerPostsForUser_shouldReturnPostsInAscendingOrder_whenOrderIsAscending" classname="com.mercadolibre.socialmeli.service.ProductServiceTest" time="0.003"/>
  <testcase name="testCreatePost_Success" classname="com.mercadolibre.socialmeli.service.ProductServiceTest" time="0.004"/>
  <testcase name="getRecentSellerPostsForUser_NullOrder_ThrowsNotFoundException" classname="com.mercadolibre.socialmeli.service.ProductServiceTest" time="0.001"/>
  <testcase name="getRecentSellerPostsForUser_shouldReturn_NotFoundExceptionByNotFollowingList" classname="com.mercadolibre.socialmeli.service.ProductServiceTest" time="0.001"/>
  <testcase name="testGetPromosBySeller_UserNotFound" classname="com.mercadolibre.socialmeli.service.ProductServiceTest" time="0.001"/>
  <testcase name="testGetPromosBySeller_NoPromos" classname="com.mercadolibre.socialmeli.service.ProductServiceTest" time="0.002"/>
  <testcase name="getRecentSellerPostsForUser_ShouldReturnSellerPostsFromLastTwoWeeks_WhenGivenValidUser" classname="com.mercadolibre.socialmeli.service.ProductServiceTest" time="0.005">
    <error message="No se encontraron publicaciones de las últimas 2 semanas para los seguidos del usuario con ID: 100" type="com.mercadolibre.socialmeli.exception.NotFoundException"><![CDATA[com.mercadolibre.socialmeli.exception.NotFoundException: No se encontraron publicaciones de las últimas 2 semanas para los seguidos del usuario con ID: 100
	at com.mercadolibre.socialmeli.service.ProductServiceImpl.getRecentSellerPostsForUser(ProductServiceImpl.java:120)
	at com.mercadolibre.socialmeli.service.ProductServiceTest.getRecentSellerPostsForUser_ShouldReturnSellerPostsFromLastTwoWeeks_WhenGivenValidUser(ProductServiceTest.java:361)
	at java.base/java.lang.reflect.Method.invoke(Method.java:580)
	at java.base/java.util.ArrayList.forEach(ArrayList.java:1596)
	at java.base/java.util.ArrayList.forEach(ArrayList.java:1596)
]]></error>
  </testcase>
</testsuite>