<?xml version="1.0" encoding="UTF-8"?>
<testsuite xmlns:xsi="http://www.w3.org/2001/XMLSchema-instance" xsi:noNamespaceSchemaLocation="https://maven.apache.org/surefire/maven-surefire-plugin/xsd/surefire-test-report.xsd" version="3.0.2" name="com.mercadolibre.socialmeli.integration.IntegrationTests" time="0.235" tests="17" errors="0" skipped="0" failures="0">
  <properties>
[...]
</properties>
  <testcase name="testGetFollowedList_shouldThrowNotFoundException_whenUserIdIsNotFound" classname="com.mercadolibre.socialmeli.integration.IntegrationTests" time="0.037">
    <system-out><![CDATA[2025-05-14T16:54:27.153-03:00  INFO 15614 --- [be_java_hisp_w31_g06] [           main] t.c.s.AnnotationConfigContextLoaderUtils : Could not detect default configuration classes for test class [com.mercadolibre.socialmeli.integration.IntegrationTests]: IntegrationTests does not declare any static, non-private, non-final, nested classes annotated with @Configuration.
2025-05-14T16:54:27.158-03:00  INFO 15614 --- [be_java_hisp_w31_g06] [           main] .b.t.c.SpringBootTestContextBootstrapper : Found @SpringBootConfiguration com.mercadolibre.socialmeli.BeJavaHispW31G06Application for test class com.mercadolibre.socialmeli.integration.IntegrationTests
2025-05-14T16:54:27.159-03:00  INFO 15614 --- [be_java_hisp_w31_g06] [           main] o.s.b.d.r.RestartApplicationListener     : Restart disabled due to context in which it is running

  .   ____          _            __ _ _
 /\\ / ___'_ __ _ _(_)_ __  __ _ \ \ \ \
( ( )\___ | '_ | '_| | '_ \/ _` | \ \ \ \
 \\/  ___)| |_)| | | | | || (_| |  ) ) ) )
  '  |____| .__|_| |_|_| |_\__, | / / / /
 =========|_|==============|___/=/_/_/_/

 :: Spring Boot ::                (v3.4.4)

2025-05-14T16:54:27.166-03:00  INFO 15614 --- [be_java_hisp_w31_g06] [           main] c.m.s.integration.IntegrationTests       : Starting IntegrationTests using Java 21.0.6 with PID 15614 (started by agerez in /Users/agerez/bootcamp/java-w31/5. Sprint II)
2025-05-14T16:54:27.166-03:00  INFO 15614 --- [be_java_hisp_w31_g06] [           main] c.m.s.integration.IntegrationTests       : No active profile set, falling back to 1 default profile: "default"
2025-05-14T16:54:27.262-03:00  INFO 15614 --- [be_java_hisp_w31_g06] [           main] o.s.b.t.m.w.SpringBootMockServletContext : Initializing Spring TestDispatcherServlet ''
2025-05-14T16:54:27.262-03:00  INFO 15614 --- [be_java_hisp_w31_g06] [           main] o.s.t.web.servlet.TestDispatcherServlet  : Initializing Servlet ''
2025-05-14T16:54:27.263-03:00  INFO 15614 --- [be_java_hisp_w31_g06] [           main] o.s.t.web.servlet.TestDispatcherServlet  : Completed initialization in 1 ms
2025-05-14T16:54:27.267-03:00  INFO 15614 --- [be_java_hisp_w31_g06] [           main] c.m.s.integration.IntegrationTests       : Started IntegrationTests in 0.108 seconds (process running for 1.462)
]]></system-out>
  </testcase>
  <testcase name="getAllPromotions_ShouldReturnOnlyPromoPosts_WhenCalledSuccessfully" classname="com.mercadolibre.socialmeli.integration.IntegrationTests" time="0.028"/>
  <testcase name="getSellerPostsByCategory_ShouldReturnNotFound_WhenNoPostsExist" classname="com.mercadolibre.socialmeli.integration.IntegrationTests" time="0.004">
    <system-out><![CDATA[
MockHttpServletRequest:
      HTTP Method = GET
      Request URI = /products/followed/100/filterByCategory
       Parameters = {filterCategory=[999]}
          Headers = [Accept:"application/json"]
             Body = null
    Session Attrs = {}

Handler:
             Type = com.mercadolibre.socialmeli.controller.ProductsController
           Method = com.mercadolibre.socialmeli.controller.ProductsController#getSellerPostsByCategory(Integer, Integer)

Async:
    Async started = false
     Async result = null

Resolved Exception:
             Type = com.mercadolibre.socialmeli.exception.NotFoundException

ModelAndView:
        View name = null
             View = null
            Model = null

FlashMap:
       Attributes = null

MockHttpServletResponse:
           Status = 404
    Error message = null
          Headers = [Content-Type:"application/json"]
     Content type = application/json
             Body = {"message":"No se encontraron publicaciones para la categoría proporcionada."}
    Forwarded URL = null
   Redirected URL = null
          Cookies = []
]]></system-out>
  </testcase>
  <testcase name="testGetFollowersList_shouldReturnNotFoundException_whenUserIdIsNotFound" classname="com.mercadolibre.socialmeli.integration.IntegrationTests" time="0.002"/>
  <testcase name="getRecentSellerPostsForUser_shouldReturnPostsInDescendingOrder_whenOrderIsDescending" classname="com.mercadolibre.socialmeli.integration.IntegrationTests" time="0.005">
    <system-out><![CDATA[
MockHttpServletRequest:
      HTTP Method = GET
      Request URI = /products/followed/3/list
       Parameters = {order=[date_desc]}
          Headers = []
             Body = null
    Session Attrs = {}

Handler:
             Type = com.mercadolibre.socialmeli.controller.ProductsController
           Method = com.mercadolibre.socialmeli.controller.ProductsController#getRecentSellerPostsForUser(Integer, String)

Async:
    Async started = false
     Async result = null

Resolved Exception:
             Type = null

ModelAndView:
        View name = null
             View = null
            Model = null

FlashMap:
       Attributes = null

MockHttpServletResponse:
           Status = 200
    Error message = null
          Headers = [Content-Type:"application/json"]
     Content type = application/json
             Body = {"userId":3,"postDto":[{"userId":4,"postId":104,"date":"2025-05-03","product":{"productId":504,"productName":"Running Shoes","type":"Footwear","brand":"Adidas","color":"Blue","notes":"Lightweight and breathable"},"category":10,"price":129.99,"hasPromo":false,"discount":0.0},{"userId":2,"postId":102,"date":"2025-05-03","product":{"productId":502,"productName":"Casual Shoes","type":"Footwear","brand":"Converse","color":"Black","notes":"Stylish and comfortable"},"category":10,"price":40.0,"hasPromo":false,"discount":0.0},{"userId":1,"postId":101,"date":"2025-05-03","product":{"productId":501,"productName":"Sneakers","type":"Footwear","brand":"Nike","color":"Red","notes":"Limited edition"},"category":10,"price":199.99,"hasPromo":false,"discount":0.0}]}
    Forwarded URL = null
   Redirected URL = null
          Cookies = []
]]></system-out>
  </testcase>
  <testcase name="testGetAllPosts_shouldReturnPostsList_whenExists" classname="com.mercadolibre.socialmeli.integration.IntegrationTests" time="0.004">
    <system-out><![CDATA[
MockHttpServletRequest:
      HTTP Method = GET
      Request URI = /products
       Parameters = {}
          Headers = []
             Body = null
    Session Attrs = {}

Handler:
             Type = com.mercadolibre.socialmeli.controller.ProductsController
           Method = com.mercadolibre.socialmeli.controller.ProductsController#getAllPosts()

Async:
    Async started = false
     Async result = null

Resolved Exception:
             Type = null

ModelAndView:
        View name = null
             View = null
            Model = null

FlashMap:
       Attributes = null

MockHttpServletResponse:
           Status = 200
    Error message = null
          Headers = [Content-Type:"application/json"]
     Content type = application/json
             Body = [{"productId":501,"productName":"Sneakers","type":"Footwear","brand":"Nike","color":"Red","notes":"Limited edition"},{"productId":502,"productName":"Casual Shoes","type":"Footwear","brand":"Converse","color":"Black","notes":"Stylish and comfortable"},{"productId":503,"productName":"Basketball Shoes","type":"Footwear","brand":"Puma","color":"Blue","notes":"Perfect for the court"},{"productId":504,"productName":"Running Shoes","type":"Footwear","brand":"Adidas","color":"Blue","notes":"Lightweight and breathable"},{"productId":505,"productName":"Hiking Boots","type":"Footwear","brand":"Merrell","color":"Brown","notes":"Great for trails"}]
    Forwarded URL = null
   Redirected URL = null
          Cookies = []
]]></system-out>
  </testcase>
  <testcase name="getFollowersCount_shouldReturnCorrectFollowerCount_whenInputIsValid" classname="com.mercadolibre.socialmeli.integration.IntegrationTests" time="0.003">
    <system-out><![CDATA[
MockHttpServletRequest:
      HTTP Method = GET
      Request URI = /users/1/followers/count
       Parameters = {}
          Headers = []
             Body = null
    Session Attrs = {}

Handler:
             Type = com.mercadolibre.socialmeli.controller.UserController
           Method = com.mercadolibre.socialmeli.controller.UserController#getFollowersCount(int)

Async:
    Async started = false
     Async result = null

Resolved Exception:
             Type = null

ModelAndView:
        View name = null
             View = null
            Model = null

FlashMap:
       Attributes = null

MockHttpServletResponse:
           Status = 200
    Error message = null
          Headers = [Content-Type:"application/json"]
     Content type = application/json
             Body = {"userId":1,"userName":"johndoe","followersCount":2}
    Forwarded URL = null
   Redirected URL = null
          Cookies = []
]]></system-out>
  </testcase>
  <testcase name="getSellerPostsByCategory_ShouldReturnPosts_WhenCategoryExists" classname="com.mercadolibre.socialmeli.integration.IntegrationTests" time="0.004">
    <system-out><![CDATA[
MockHttpServletRequest:
      HTTP Method = GET
      Request URI = /products/followed/100/filterByCategory
       Parameters = {filterCategory=[1]}
          Headers = [Accept:"application/json"]
             Body = null
    Session Attrs = {}

Handler:
             Type = com.mercadolibre.socialmeli.controller.ProductsController
           Method = com.mercadolibre.socialmeli.controller.ProductsController#getSellerPostsByCategory(Integer, Integer)

Async:
    Async started = false
     Async result = null

Resolved Exception:
             Type = null

ModelAndView:
        View name = null
             View = null
            Model = null

FlashMap:
       Attributes = null

MockHttpServletResponse:
           Status = 200
    Error message = null
          Headers = [Content-Type:"application/json"]
     Content type = application/json
             Body = {"userId":100,"postDto":[{"userId":200,"postId":999,"date":"2025-05-14","product":{"productId":99,"productName":"Producto Test","type":"Electronics","brand":"Marca Test","color":"Negro","notes":"Descripción Test"},"category":1,"price":1500.0,"hasPromo":true,"discount":10.0}]}
    Forwarded URL = null
   Redirected URL = null
          Cookies = []
]]></system-out>
  </testcase>
  <testcase name="testGetFollowersList_shouldReturnSuccess_whenInputIsCorrect" classname="com.mercadolibre.socialmeli.integration.IntegrationTests" time="0.003"/>
  <testcase name="getSellerPostsForUserByKeyword_ShouldReturnPosts_WhenKeywordExists" classname="com.mercadolibre.socialmeli.integration.IntegrationTests" time="0.003">
    <system-out><![CDATA[
MockHttpServletRequest:
      HTTP Method = GET
      Request URI = /products/followed/100/filterByKeyword
       Parameters = {keyword=[Test]}
          Headers = [Accept:"application/json"]
             Body = null
    Session Attrs = {}

Handler:
             Type = com.mercadolibre.socialmeli.controller.ProductsController
           Method = com.mercadolibre.socialmeli.controller.ProductsController#getSellerPostsForUserByKeyword(int, String)

Async:
    Async started = false
     Async result = null

Resolved Exception:
             Type = null

ModelAndView:
        View name = null
             View = null
            Model = null

FlashMap:
       Attributes = null

MockHttpServletResponse:
           Status = 200
    Error message = null
          Headers = [Content-Type:"application/json"]
     Content type = application/json
             Body = {"userId":100,"postDto":[{"userId":200,"postId":999,"date":"2025-05-14","product":{"productId":99,"productName":"Producto Test","type":"Electronics","brand":"Marca Test","color":"Negro","notes":"Descripción Test"},"category":1,"price":1500.0,"hasPromo":true,"discount":10.0}]}
    Forwarded URL = null
   Redirected URL = null
          Cookies = []
]]></system-out>
  </testcase>
  <testcase name="testUnFollow_shouldReturnMessage_whenUserUnfollowsAnother" classname="com.mercadolibre.socialmeli.integration.IntegrationTests" time="0.002">
    <system-out><![CDATA[
MockHttpServletRequest:
      HTTP Method = PUT
      Request URI = /users/3/unfollow/2
       Parameters = {}
          Headers = []
             Body = null
    Session Attrs = {}

Handler:
             Type = com.mercadolibre.socialmeli.controller.UserController
           Method = com.mercadolibre.socialmeli.controller.UserController#unfollowUser(int, int)

Async:
    Async started = false
     Async result = null

Resolved Exception:
             Type = null

ModelAndView:
        View name = null
             View = null
            Model = null

FlashMap:
       Attributes = null

MockHttpServletResponse:
           Status = 200
    Error message = null
          Headers = [Content-Type:"application/json"]
     Content type = application/json
             Body = {"message":"El usuario 3 a dejado de seguir al usuario 2"}
    Forwarded URL = null
   Redirected URL = null
          Cookies = []
]]></system-out>
  </testcase>
  <testcase name="testGetFollowedList_shouldReturnSuccess_whenCorrectInputs" classname="com.mercadolibre.socialmeli.integration.IntegrationTests" time="0.002"/>
  <testcase name="testFollow" classname="com.mercadolibre.socialmeli.integration.IntegrationTests" time="0.003">
    <system-out><![CDATA[
MockHttpServletRequest:
      HTTP Method = POST
      Request URI = /users/1/follow/2
       Parameters = {}
          Headers = []
             Body = null
    Session Attrs = {}

Handler:
             Type = com.mercadolibre.socialmeli.controller.UserController
           Method = com.mercadolibre.socialmeli.controller.UserController#follow(int, int)

Async:
    Async started = false
     Async result = null

Resolved Exception:
             Type = null

ModelAndView:
        View name = null
             View = null
            Model = null

FlashMap:
       Attributes = null

MockHttpServletResponse:
           Status = 200
    Error message = null
          Headers = [Content-Type:"application/json"]
     Content type = application/json
             Body = {"message":"El usuario 1 siguió al usuario 2"}
    Forwarded URL = null
   Redirected URL = null
          Cookies = []
]]></system-out>
  </testcase>
  <testcase name="testUnFollow_shouldReturnConflictException_whenUserTriesToUnfollowThemselves" classname="com.mercadolibre.socialmeli.integration.IntegrationTests" time="0.002">
    <system-out><![CDATA[
MockHttpServletRequest:
      HTTP Method = PUT
      Request URI = /users/3/unfollow/3
       Parameters = {}
          Headers = []
             Body = null
    Session Attrs = {}

Handler:
             Type = com.mercadolibre.socialmeli.controller.UserController
           Method = com.mercadolibre.socialmeli.controller.UserController#unfollowUser(int, int)

Async:
    Async started = false
     Async result = null

Resolved Exception:
             Type = com.mercadolibre.socialmeli.exception.ConflictException

ModelAndView:
        View name = null
             View = null
            Model = null

FlashMap:
       Attributes = null

MockHttpServletResponse:
           Status = 409
    Error message = null
          Headers = [Content-Type:"application/json"]
     Content type = application/json
             Body = {"message":"Un usuario no puede dejar de seguirse."}
    Forwarded URL = null
   Redirected URL = null
          Cookies = []
]]></system-out>
  </testcase>
  <testcase name="getRecentSellerPostsForUser_shouldReturnPostsInAscendingOrder_whenOrderIsAscending" classname="com.mercadolibre.socialmeli.integration.IntegrationTests" time="0.003">
    <system-out><![CDATA[
MockHttpServletRequest:
      HTTP Method = GET
      Request URI = /products/followed/1/list
       Parameters = {order=[date_asc]}
          Headers = []
             Body = null
    Session Attrs = {}

Handler:
             Type = com.mercadolibre.socialmeli.controller.ProductsController
           Method = com.mercadolibre.socialmeli.controller.ProductsController#getRecentSellerPostsForUser(Integer, String)

Async:
    Async started = false
     Async result = null

Resolved Exception:
             Type = null

ModelAndView:
        View name = null
             View = null
            Model = null

FlashMap:
       Attributes = null

MockHttpServletResponse:
           Status = 200
    Error message = null
          Headers = [Content-Type:"application/json"]
     Content type = application/json
             Body = {"userId":1,"postDto":[{"userId":4,"postId":104,"date":"2025-05-03","product":{"productId":504,"productName":"Running Shoes","type":"Footwear","brand":"Adidas","color":"Blue","notes":"Lightweight and breathable"},"category":10,"price":129.99,"hasPromo":false,"discount":0.0},{"userId":3,"postId":103,"date":"2025-05-03","product":{"productId":503,"productName":"Basketball Shoes","type":"Footwear","brand":"Puma","color":"Blue","notes":"Perfect for the court"},"category":10,"price":75.5,"hasPromo":false,"discount":0.0},{"userId":2,"postId":102,"date":"2025-05-03","product":{"productId":502,"productName":"Casual Shoes","type":"Footwear","brand":"Converse","color":"Black","notes":"Stylish and comfortable"},"category":10,"price":40.0,"hasPromo":false,"discount":0.0}]}
    Forwarded URL = null
   Redirected URL = null
          Cookies = []
]]></system-out>
  </testcase>
  <testcase name="getSellerPostsForUserByKeyword_ShouldReturnNotFound_WhenNoPostsMatchTheKeyword" classname="com.mercadolibre.socialmeli.integration.IntegrationTests" time="0.002">
    <system-out><![CDATA[
MockHttpServletRequest:
      HTTP Method = GET
      Request URI = /products/followed/100/filterByKeyword
       Parameters = {keyword=[Palabra clave inexistente!!]}
          Headers = [Accept:"application/json"]
             Body = null
    Session Attrs = {}

Handler:
             Type = com.mercadolibre.socialmeli.controller.ProductsController
           Method = com.mercadolibre.socialmeli.controller.ProductsController#getSellerPostsForUserByKeyword(int, String)

Async:
    Async started = false
     Async result = null

Resolved Exception:
             Type = com.mercadolibre.socialmeli.exception.NotFoundException

ModelAndView:
        View name = null
             View = null
            Model = null

FlashMap:
       Attributes = null

MockHttpServletResponse:
           Status = 404
    Error message = null
          Headers = [Content-Type:"application/json"]
     Content type = application/json
             Body = {"message":"No se encontraron publicaciones que contengan la palabra clave 'Palabra clave inexistente!!' para los seguidos del usuario con ID: 100"}
    Forwarded URL = null
   Redirected URL = null
          Cookies = []
]]></system-out>
  </testcase>
  <testcase name="testCreatePost_shouldReturnBadRequest_whenCreatePostDtoIsInvalid" classname="com.mercadolibre.socialmeli.integration.IntegrationTests" time="0.005"/>
</testsuite>