<?xml version="1.0" encoding="UTF-8"?>
<testsuite xmlns:xsi="http://www.w3.org/2001/XMLSchema-instance" xsi:noNamespaceSchemaLocation="https://maven.apache.org/surefire/maven-surefire-plugin/xsd/surefire-test-report.xsd" version="3.0.2" name="com.meli.obtenerdiploma.ObetenerDiplomaApplicationTests" time="0.922" tests="1" errors="0" skipped="0" failures="0">
  <properties>
[...]
</properties>
  <testcase name="contextLoads" classname="com.meli.obtenerdiploma.ObetenerDiplomaApplicationTests" time="0.366">
    <system-out><![CDATA[10:50:31.204 [main] INFO org.springframework.test.context.support.AnnotationConfigContextLoaderUtils -- Could not detect default configuration classes for test class [com.meli.obtenerdiploma.ObetenerDiplomaApplicationTests]: ObetenerDiplomaApplicationTests does not declare any static, non-private, non-final, nested classes annotated with @Configuration.
10:50:31.243 [main] INFO org.springframework.boot.test.context.SpringBootTestContextBootstrapper -- Found @SpringBootConfiguration com.meli.obtenerdiploma.ObtenerDiplomaApplication for test class com.meli.obtenerdiploma.ObetenerDiplomaApplicationTests
10:50:31.288 [main] INFO org.springframework.boot.devtools.restart.RestartApplicationListener -- Restart disabled due to context in which it is running

  .   ____          _            __ _ _
 /\\ / ___'_ __ _ _(_)_ __  __ _ \ \ \ \
( ( )\___ | '_ | '_| | '_ \/ _` | \ \ \ \
 \\/  ___)| |_)| | | | | || (_| |  ) ) ) )
  '  |____| .__|_| |_|_| |_\__, | / / / /
 =========|_|==============|___/=/_/_/_/

 :: Spring Boot ::                (v3.4.5)

2025-04-28T10:50:31.367-03:00  INFO 80527 --- [           main] c.m.o.ObetenerDiplomaApplicationTests    : Starting ObetenerDiplomaApplicationTests using Java 23.0.2 with PID 80527 (started by tbarenghi in /Users/tbarenghi/Downloads/ObtenerDiploma)
2025-04-28T10:50:31.368-03:00  INFO 80527 --- [           main] c.m.o.ObetenerDiplomaApplicationTests    : No active profile set, falling back to 1 default profile: "default"
2025-04-28T10:50:31.705-03:00  INFO 80527 --- [           main] c.m.o.ObetenerDiplomaApplicationTests    : Started ObetenerDiplomaApplicationTests in 0.42 seconds (process running for 0.732)
]]></system-out>
    <system-err><![CDATA[Mockito is currently self-attaching to enable the inline-mock-maker. This will no longer work in future releases of the JDK. Please add Mockito as an agent to your build what is described in Mockito's documentation: https://javadoc.io/doc/org.mockito/mockito-core/latest/org/mockito/Mockito.html#0.3
WARNING: A Java agent has been loaded dynamically (/Users/tbarenghi/.m2/repository/net/bytebuddy/byte-buddy-agent/1.15.11/byte-buddy-agent-1.15.11.jar)
WARNING: If a serviceability tool is in use, please run with -XX:+EnableDynamicAgentLoading to hide this warning
WARNING: If a serviceability tool is not in use, please run with -Djdk.instrument.traceUsage for more information
WARNING: Dynamic loading of agents will be disallowed by default in a future release
]]></system-err>
  </testcase>
</testsuite>